            TRNSYS - the TRaNsient SYstem Simulation program

   The Solar Energy Lab at the University of Wisconsin - Madison, USA
Le Centre Scientifique et Technique du Batiment, Sophia Antipolis, France
           Transsolar Energietechnik GmBH, Stuttgart, Germany
        Thermal Energy System Specialists, LLC, Madison Wisconsin, USA

                           Release 18.04.0000
                           User ID  18-E0116

Simulation log for: "C:\Users\lange\Desktop\uceeb_testbed_reference\Main\DefaultBuilding_imported.dck"
 
*** Notice at time        :         0.000000
    Generated by Unit     : Not applicable or not available
    Generated by Type     : Not applicable or not available
    Message               : The TRNSYS Executable (TRNExe.exe) and main DLL (TRNDll.dll) are located in "C:\TRNSYS18\Exe"
 
*** Fatal Error at time   :         0.000000
    Generated by Unit     : Not applicable or not available
    Generated by Type     : Not applicable or not available
    TRNSYS Message    350 : Unable to open the file associated with an ASSIGNED logical unit number. Please check the ASSIGN statement and make sure that the file exists at the specified location
    Reported information  : Logical Unit =     31, FileName = BuiFiles\Building_V4.b18
 
*** Simulation stopped with errors
    Total Notices         :         1
    Total Warnings        :         0
    Total Fatal Errors    :         1
