 TIME                    	teplota_privod_otopka    	prutok                   	privod                   	
  +0.0000000000000000E+00	  +0.0000000000000000E+00	  +0.0000000000000000E+00	  +2.0000000000000000E+01	
  +1.6666666666666666E-02	  -9.9990000000000000E+03	  -9.9990000000000000E+03	  +2.0741349663987034E+01	
  +3.3333333333333333E-02	  +3.3000000000000000E+01	  +1.1390000000000000E+03	  +2.1670054528547006E+01	
  +5.0000000000000003E-02	  +3.3000000000000000E+01	  +1.1390000000000000E+03	  +2.2267902345446384E+01	
  +6.6666666666666666E-02	  +3.3000000000000000E+01	  +1.1380000000000000E+03	  +2.2716448124906378E+01	
  +8.3333333333333329E-02	  +3.3000000000000000E+01	  +1.1390000000000000E+03	  +2.3032297654621072E+01	
  +1.0000000000000001E-01	  +3.3000000000000000E+01	  +1.1380000000000000E+03	  +2.3271237105962417E+01	
  +1.1666666666666667E-01	  +3.3000000000000000E+01	  +1.1390000000000000E+03	  +2.3437751654216324E+01	
  +1.3333333333333333E-01	  +3.3000000000000000E+01	  +1.1370000000000000E+03	  +2.3565158584671416E+01	
  +1.4999999999999999E-01	  +3.3000000000000000E+01	  +1.1390000000000000E+03	  +2.3652672967148799E+01	
  +1.6666666666666666E-01	  +3.4000000000000000E+01	  +1.1380000000000000E+03	  +2.3770045812969034E+01	
  +1.8333333333333332E-01	  +3.4000000000000000E+01	  +1.1370000000000000E+03	  +2.3884237882922889E+01	
  +2.0000000000000001E-01	  +3.4000000000000000E+01	  +1.1370000000000000E+03	  +2.3969527177381465E+01	
  +2.1666666666666667E-01	  +3.4000000000000000E+01	  +1.1360000000000000E+03	  +2.4029703027066830E+01	
  +2.3333333333333334E-01	  +3.4000000000000000E+01	  +1.1390000000000000E+03	  +2.4075069767252597E+01	
  +2.5000000000000000E-01	  +3.4000000000000000E+01	  +1.1380000000000000E+03	  +2.4106662392140510E+01	
  +2.6666666666666666E-01	  +3.4000000000000000E+01	  +1.1380000000000000E+03	  +2.4130793904113389E+01	
  +2.8333333333333333E-01	  +3.5000000000000000E+01	  +1.1360000000000000E+03	  +2.4196648258208818E+01	
  +2.9999999999999999E-01	  +3.5000000000000000E+01	  +1.1370000000000000E+03	  +2.4277899479320936E+01	
  +3.1666666666666665E-01	  +3.5000000000000000E+01	  +1.1360000000000000E+03	  +2.4335353959503696E+01	
  +3.3333333333333331E-01	  +3.5000000000000000E+01	  +1.1350000000000000E+03	  +2.4378561447907991E+01	
  +3.4999999999999998E-01	  +3.5000000000000000E+01	  +1.1370000000000000E+03	  +2.4408796277101899E+01	
  +3.6666666666666664E-01	  +3.5000000000000000E+01	  +1.1380000000000000E+03	  +2.4431783772930100E+01	
  +3.8333333333333336E-01	  +3.5000000000000000E+01	  +1.1360000000000000E+03	  +2.4447627615450532E+01	
  +4.0000000000000002E-01	  +3.5000000000000000E+01	  +1.1370000000000000E+03	  +2.4459847749575154E+01	
  +4.1666666666666669E-01	  +3.5000000000000000E+01	  +1.1370000000000000E+03	  +2.4468089313955819E+01	
  +4.3333333333333335E-01	  +3.5000000000000000E+01	  +1.1350000000000000E+03	  +2.4474594725593533E+01	
  +4.5000000000000001E-01	  +3.5000000000000000E+01	  +1.1380000000000000E+03	  +2.4478840280232458E+01	
  +4.6666666666666667E-01	  +3.5000000000000000E+01	  +1.1350000000000000E+03	  +2.4482283548886777E+01	
  +4.8333333333333334E-01	  +3.5000000000000000E+01	  +1.1360000000000000E+03	  +2.4484418608244123E+01	
  +5.0000000000000000E-01	  +3.5000000000000000E+01	  +1.1350000000000000E+03	  +2.4486232211672906E+01	
  +5.1666666666666672E-01	  +3.5000000000000000E+01	  +1.1370000000000000E+03	  +2.4487274127127783E+01	
  +5.3333333333333333E-01	  +3.5000000000000000E+01	  +1.1360000000000000E+03	  +2.4488227001439565E+01	
  +5.5000000000000004E-01	  +3.5000000000000000E+01	  +1.1360000000000000E+03	  +2.4488709538655222E+01	
  +5.6666666666666665E-01	  +3.5000000000000000E+01	  +1.1360000000000000E+03	  +2.4489204651839810E+01	
  +5.8333333333333337E-01	  +3.5000000000000000E+01	  +1.1350000000000000E+03	  +2.4489398247977189E+01	
  +5.9999999999999998E-01	  +3.6000000000000000E+01	  +1.1360000000000000E+03	  +2.4538994856375730E+01	
  +6.1666666666666670E-01	  +3.5000000000000000E+01	  +1.1370000000000000E+03	  +2.4540328526279907E+01	
  +6.3333333333333330E-01	  +3.6000000000000000E+01	  +1.1370000000000000E+03	  +2.4582623243023004E+01	
  +6.5000000000000002E-01	  +3.6000000000000000E+01	  +1.1370000000000000E+03	  +2.4650213016885630E+01	
  +6.6666666666666663E-01	  +3.6000000000000000E+01	  +1.1350000000000000E+03	  +2.4686993756290907E+01	
  +6.8333333333333335E-01	  +3.6000000000000000E+01	  +1.1360000000000000E+03	  +2.4715582125757301E+01	
  +6.9999999999999996E-01	  +3.6000000000000000E+01	  +1.1350000000000000E+03	  +2.4734890805154798E+01	
  +7.1666666666666667E-01	  +3.6000000000000000E+01	  +1.1360000000000000E+03	  +2.4750206362284388E+01	
  +7.3333333333333328E-01	  +3.5000000000000000E+01	  +1.1370000000000000E+03	  +2.4621872724190332E+01	
  +7.5000000000000000E-01	  +3.5000000000000000E+01	  +1.1360000000000000E+03	  +2.4516064340970175E+01	
  +7.6666666666666672E-01	  +3.5000000000000000E+01	  +1.1350000000000000E+03	  +2.4496879701860710E+01	
  +7.8333333333333333E-01	  +3.5000000000000000E+01	  +1.1360000000000000E+03	  +2.4492854064071285E+01	
  +8.0000000000000004E-01	  +3.5000000000000000E+01	  +1.1340000000000000E+03	  +2.4492367828368497E+01	
  +8.1666666666666665E-01	  +3.6000000000000000E+01	  +1.1330000000000000E+03	  +2.4640080931397886E+01	
  +8.3333333333333337E-01	  +3.6000000000000000E+01	  +1.1340000000000000E+03	  +2.4748060054793164E+01	
  +8.4999999999999998E-01	  +3.6000000000000000E+01	  +1.1310000000000000E+03	  +2.4764542643358116E+01	
  +8.6666666666666670E-01	  +3.6000000000000000E+01	  +1.1300000000000000E+03	  +2.4771485272550393E+01	
  +8.8333333333333330E-01	  +3.7000000000000000E+01	  +1.1300000000000000E+03	  +2.4825244356403946E+01	
  +9.0000000000000002E-01	  +3.7000000000000000E+01	  +1.1310000000000000E+03	  +2.4897382619581848E+01	
  +9.1666666666666663E-01	  +3.7000000000000000E+01	  +1.1290000000000000E+03	  +2.4948592208970183E+01	
  +9.3333333333333335E-01	  +3.7000000000000000E+01	  +1.1310000000000000E+03	  +2.4987006170063481E+01	
  +9.4999999999999996E-01	  +3.7000000000000000E+01	  +1.1310000000000000E+03	  +2.5014068708474618E+01	
  +9.6666666666666667E-01	  +3.6000000000000000E+01	  +1.1350000000000000E+03	  +2.4913164200550948E+01	
  +9.8333333333333328E-01	  +3.6000000000000000E+01	  +1.1360000000000000E+03	  +2.4811872781570059E+01	
  +1.0000000000000000E+00	  +3.5000000000000000E+01	  +1.1340000000000000E+03	  +2.4649261932077319E+01	
  +1.0166666666666666E+00	  +3.6000000000000000E+01	  +1.1350000000000000E+03	  +2.4666042625297731E+01	
  +1.0333333333333334E+00	  +3.6000000000000000E+01	  +1.1340000000000000E+03	  +2.4772217838309949E+01	
  +1.0500000000000000E+00	  +3.6000000000000000E+01	  +1.1310000000000000E+03	  +2.4784526592029717E+01	
  +1.0666666666666667E+00	  +3.7000000000000000E+01	  +1.1320000000000000E+03	  +2.4931032497357357E+01	
  +1.0833333333333333E+00	  +3.7000000000000000E+01	  +1.1320000000000000E+03	  +2.5031781231410626E+01	
  +1.1000000000000001E+00	  +3.7000000000000000E+01	  +1.1340000000000000E+03	  +2.5047295262275146E+01	
  +1.1166666666666667E+00	  +3.8000000000000000E+01	  +1.1340000000000000E+03	  +2.5107506160179305E+01	
  +1.1333333333333333E+00	  +3.8000000000000000E+01	  +1.1350000000000000E+03	  +2.5184204183818007E+01	
  +1.1499999999999999E+00	  +3.8000000000000000E+01	  +1.1310000000000000E+03	  +2.5238842536499590E+01	
  +1.1666666666666667E+00	  +3.8000000000000000E+01	  +1.1320000000000000E+03	  +2.5279681692779011E+01	
  +1.1833333333333333E+00	  +3.8000000000000000E+01	  +1.1290000000000000E+03	  +2.5308559916851355E+01	
  +1.2000000000000000E+00	  +3.8000000000000000E+01	  +1.1330000000000000E+03	  +2.5330333669059399E+01	
  +1.2166666666666666E+00	  +3.8000000000000000E+01	  +1.1330000000000000E+03	  +2.5345586708594869E+01	
  +1.2333333333333334E+00	  +3.8000000000000000E+01	  +1.1330000000000000E+03	  +2.5357221620337150E+01	
  +1.2500000000000000E+00	  +3.8000000000000000E+01	  +1.1350000000000000E+03	  +2.5365256867898573E+01	
  +1.2666666666666666E+00	  +3.8000000000000000E+01	  +1.1340000000000000E+03	  +2.5371486976297849E+01	
  +1.2833333333333334E+00	  +3.8000000000000000E+01	  +1.1330000000000000E+03	  +2.5375704363486086E+01	
  +1.3000000000000000E+00	  +3.8000000000000000E+01	  +1.1350000000000000E+03	  +2.5379051672470808E+01	
  +1.3166666666666667E+00	  +3.8000000000000000E+01	  +1.1370000000000000E+03	  +2.5381249250989264E+01	
  +1.3333333333333333E+00	  +3.8000000000000000E+01	  +1.1310000000000000E+03	  +2.5383048334022430E+01	
  +1.3500000000000001E+00	  +3.8000000000000000E+01	  +1.1330000000000000E+03	  +2.5384185593131768E+01	
  +1.3666666666666667E+00	  +3.8000000000000000E+01	  +1.1320000000000000E+03	  +2.5385161663279028E+01	
  +1.3833333333333333E+00	  +3.8000000000000000E+01	  +1.1330000000000000E+03	  +2.5385745555090512E+01	
  +1.3999999999999999E+00	  +3.8000000000000000E+01	  +1.1360000000000000E+03	  +2.5386277841817023E+01	
  +1.4166666666666667E+00	  +3.8000000000000000E+01	  +1.1350000000000000E+03	  +2.5386572518551684E+01	
  +1.4333333333333333E+00	  +3.8000000000000000E+01	  +1.1350000000000000E+03	  +2.5386864428082802E+01	
  +1.4500000000000000E+00	  +3.8000000000000000E+01	  +1.1380000000000000E+03	  +2.5386998381079902E+01	
  +1.4666666666666666E+00	  +3.8000000000000000E+01	  +1.1360000000000000E+03	  +2.5387153062195580E+01	
  +1.4833333333333334E+00	  +3.8000000000000000E+01	  +1.1370000000000000E+03	  +2.5387210660689892E+01	
  +1.5000000000000000E+00	  +3.8000000000000000E+01	  +1.1370000000000000E+03	  +2.5387297705156037E+01	
  +1.5166666666666666E+00	  +3.8000000000000000E+01	  +1.1360000000000000E+03	  +2.5387319655375002E+01	
  +1.5333333333333334E+00	  +3.8000000000000000E+01	  +1.1350000000000000E+03	  +2.5387369575010176E+01	
  +1.5500000000000000E+00	  +3.8000000000000000E+01	  +1.1360000000000000E+03	  +2.5387374397141397E+01	
  +1.5666666666666667E+00	  +3.8000000000000000E+01	  +1.1360000000000000E+03	  +2.5387398981460521E+01	
  +1.5833333333333333E+00	  +3.8000000000000000E+01	  +1.1360000000000000E+03	  +2.5387384850535010E+01	
  +1.6000000000000001E+00	  +3.8000000000000000E+01	  +1.1350000000000000E+03	  +2.5387389282203230E+01	
  +1.6166666666666667E+00	  +3.8000000000000000E+01	  +1.1330000000000000E+03	  +2.5387370658602482E+01	
  +1.6333333333333333E+00	  +3.8000000000000000E+01	  +1.1350000000000000E+03	  +2.5387368689578004E+01	
  +1.6499999999999999E+00	  +3.8000000000000000E+01	  +1.1340000000000000E+03	  +2.5387349403441515E+01	
  +1.6666666666666667E+00	  +3.8000000000000000E+01	  +1.1390000000000000E+03	  +2.5387343566077636E+01	
  +1.6833333333333333E+00	  +3.8000000000000000E+01	  +1.1320000000000000E+03	  +2.5387324507518976E+01	
  +1.7000000000000000E+00	  +3.8000000000000000E+01	  +1.1340000000000000E+03	  +2.5387312539625825E+01	
  +1.7166666666666666E+00	  +3.8000000000000000E+01	  +1.1340000000000000E+03	  +2.5387284773466643E+01	
  +1.7333333333333334E+00	  +3.8000000000000000E+01	  +1.1350000000000000E+03	  +2.5387263838161076E+01	
  +1.7500000000000000E+00	  +3.8000000000000000E+01	  +1.1360000000000000E+03	  +2.5387236249477382E+01	
  +1.7666666666666666E+00	  +3.8000000000000000E+01	  +1.1350000000000000E+03	  +2.5387215808553030E+01	
  +1.7833333333333334E+00	  +3.8000000000000000E+01	  +1.1340000000000000E+03	  +2.5387190074532988E+01	
  +1.8000000000000000E+00	  +3.8000000000000000E+01	  +1.1330000000000000E+03	  +2.5387170170827790E+01	
  +1.8166666666666667E+00	  +3.8000000000000000E+01	  +1.1340000000000000E+03	  +2.5387146741164607E+01	
  +1.8333333333333333E+00	  +3.8000000000000000E+01	  +1.1340000000000000E+03	  +2.5387128154997921E+01	
  +1.8500000000000001E+00	  +3.8000000000000000E+01	  +1.1330000000000000E+03	  +2.5387102447935852E+01	
  +1.8666666666666667E+00	  +3.7000000000000000E+01	  +1.1360000000000000E+03	  +2.5240649550145786E+01	
  +1.8833333333333333E+00	  +3.7000000000000000E+01	  +1.1360000000000000E+03	  +2.5116971203196705E+01	
  +1.8999999999999999E+00	  +3.7000000000000000E+01	  +1.1350000000000000E+03	  +2.5096652734165843E+01	
  +1.9166666666666667E+00	  +3.7000000000000000E+01	  +1.1350000000000000E+03	  +2.5090583800753034E+01	
  +1.9333333333333333E+00	  +3.7000000000000000E+01	  +1.1370000000000000E+03	  +2.5091268682009890E+01	
  +1.9500000000000000E+00	  +3.7000000000000000E+01	  +1.1370000000000000E+03	  +2.5089820489043756E+01	
  +1.9666666666666666E+00	  +3.7000000000000000E+01	  +1.1320000000000000E+03	  +2.5090823820799621E+01	
  +1.9833333333333334E+00	  +3.8000000000000000E+01	  +1.1350000000000000E+03	  +2.5237946963197441E+01	
  +2.0000000000000000E+00	  +3.8000000000000000E+01	  +1.1350000000000000E+03	  +2.5566896713173783E+01	
  +2.0166666666666666E+00	  +3.8000000000000000E+01	  +1.1350000000000000E+03	  +2.5895875306730488E+01	
  +2.0333333333333332E+00	  +3.7000000000000000E+01	  +1.1330000000000000E+03	  +2.6065547212801615E+01	
  +2.0499999999999998E+00	  +3.8000000000000000E+01	  +1.1340000000000000E+03	  +2.6212290335805289E+01	
  +2.0666666666666669E+00	  +3.7000000000000000E+01	  +1.1320000000000000E+03	  +2.6298198213480742E+01	
  +2.0833333333333335E+00	  +3.7000000000000000E+01	  +1.1370000000000000E+03	  +2.6330977499974960E+01	
  +2.1000000000000001E+00	  +3.7000000000000000E+01	  +1.1350000000000000E+03	  +2.6353683333652153E+01	
  +2.1166666666666667E+00	  +3.7000000000000000E+01	  +1.1340000000000000E+03	  +2.6371344624688255E+01	
  +2.1333333333333333E+00	  +3.7000000000000000E+01	  +1.1350000000000000E+03	  +2.6383341886320117E+01	
  +2.1499999999999999E+00	  +3.7000000000000000E+01	  +1.1340000000000000E+03	  +2.6392915919529027E+01	
  +2.1666666666666665E+00	  +3.7000000000000000E+01	  +1.1330000000000000E+03	  +2.6399257053089013E+01	
  +2.1833333333333331E+00	  +3.7000000000000000E+01	  +1.1320000000000000E+03	  +2.6404502231056551E+01	
  +2.2000000000000002E+00	  +3.7000000000000000E+01	  +1.1360000000000000E+03	  +2.6407855975539277E+01	
  +2.2166666666666668E+00	  +3.7000000000000000E+01	  +1.1360000000000000E+03	  +2.6410770298656562E+01	
  +2.2333333333333334E+00	  +3.7000000000000000E+01	  +1.1350000000000000E+03	  +2.6412548263421172E+01	
  +2.2500000000000000E+00	  +3.7000000000000000E+01	  +1.1350000000000000E+03	  +2.6414201147788958E+01	
  +2.2666666666666666E+00	  +3.7000000000000000E+01	  +1.1350000000000000E+03	  +2.6415147914628022E+01	
  +2.2833333333333332E+00	  +3.7000000000000000E+01	  +1.1350000000000000E+03	  +2.6416100790032644E+01	
  +2.2999999999999998E+00	  +3.7000000000000000E+01	  +1.1350000000000000E+03	  +2.6416592865147841E+01	
  +2.3166666666666669E+00	  +3.7000000000000000E+01	  +1.1340000000000000E+03	  +2.6417160073729722E+01	
  +2.3333333333333335E+00	  +3.7000000000000000E+01	  +1.1320000000000000E+03	  +2.6417433807743592E+01	
  +2.3500000000000001E+00	  +3.7000000000000000E+01	  +1.1350000000000000E+03	  +2.6417787761940531E+01	
  +2.3666666666666667E+00	  +3.7000000000000000E+01	  +1.1350000000000000E+03	  +2.6417936485847410E+01	
  +2.3833333333333333E+00	  +3.7000000000000000E+01	  +1.1340000000000000E+03	  +2.6418167507517968E+01	
  +2.3999999999999999E+00	  +3.7000000000000000E+01	  +1.1330000000000000E+03	  +2.6418249548195750E+01	
  +2.4166666666666665E+00	  +3.7000000000000000E+01	  +1.1330000000000000E+03	  +2.6418396003196403E+01	
  +2.4333333333333331E+00	  +3.7000000000000000E+01	  +1.1340000000000000E+03	  +2.6418438011775113E+01	
  +2.4500000000000002E+00	  +3.7000000000000000E+01	  +1.1320000000000000E+03	  +2.6418540527308419E+01	
  +2.4666666666666668E+00	  +3.7000000000000000E+01	  +1.1330000000000000E+03	  +2.6418566519482653E+01	
  +2.4833333333333334E+00	  +3.7000000000000000E+01	  +1.1340000000000000E+03	  +2.6418640280780160E+01	
  +2.5000000000000000E+00	  +3.7000000000000000E+01	  +1.1320000000000000E+03	  +2.6418656934666405E+01	
  +2.5166666666666666E+00	  +3.7000000000000000E+01	  +1.1340000000000000E+03	  +2.6418711211547180E+01	
  +2.5333333333333332E+00	  +3.7000000000000000E+01	  +1.1330000000000000E+03	  +2.6418716804348072E+01	
  +2.5499999999999998E+00	  +3.7000000000000000E+01	  +1.1340000000000000E+03	  +2.6418746299999427E+01	
  +2.5666666666666669E+00	  +3.7000000000000000E+01	  +1.1330000000000000E+03	  +2.6418741394023762E+01	
  +2.5833333333333335E+00	  +3.7000000000000000E+01	  +1.1340000000000000E+03	  +2.6418762515232132E+01	
  +2.6000000000000001E+00	  +3.7000000000000000E+01	  +1.1330000000000000E+03	  +2.6418760376349603E+01	
  +2.6166666666666667E+00	  +3.7000000000000000E+01	  +1.1320000000000000E+03	  +2.6418779269993721E+01	
  +2.6333333333333333E+00	  +3.7000000000000000E+01	  +1.1330000000000000E+03	  +2.6418780110022112E+01	
  +2.6499999999999999E+00	  +3.7000000000000000E+01	  +1.1340000000000000E+03	  +2.6418797813404733E+01	
  +2.6666666666666665E+00	  +3.7000000000000000E+01	  +1.1340000000000000E+03	  +2.6418802861314848E+01	
  +2.6833333333333331E+00	  +3.7000000000000000E+01	  +1.1330000000000000E+03	  +2.6418820541637942E+01	
  +2.7000000000000002E+00	  +3.7000000000000000E+01	  +1.1310000000000000E+03	  +2.6418827464580744E+01	
  +2.7166666666666668E+00	  +3.7000000000000000E+01	  +1.1350000000000000E+03	  +2.6418844418417134E+01	
  +2.7333333333333334E+00	  +3.7000000000000000E+01	  +1.1330000000000000E+03	  +2.6418853349587117E+01	
  +2.7500000000000000E+00	  +3.7000000000000000E+01	  +1.1340000000000000E+03	  +2.6418870778101688E+01	
  +2.7666666666666666E+00	  +3.7000000000000000E+01	  +1.1340000000000000E+03	  +2.6418882152635103E+01	
  +2.7833333333333332E+00	  +3.7000000000000000E+01	  +1.1330000000000000E+03	  +2.6418900258520210E+01	
  +2.7999999999999998E+00	  +3.6000000000000000E+01	  +1.1330000000000000E+03	  +2.6272849325524028E+01	
  +2.8166666666666669E+00	  +3.6000000000000000E+01	  +1.1340000000000000E+03	  +2.6149544503159149E+01	
  +2.8333333333333335E+00	  +3.6000000000000000E+01	  +1.1350000000000000E+03	  +2.6129287682561284E+01	
  +2.8500000000000001E+00	  +3.6000000000000000E+01	  +1.1340000000000000E+03	  +2.6123266224316080E+01	
  +2.8666666666666667E+00	  +3.7000000000000000E+01	  +1.1340000000000000E+03	  +2.6272039835395205E+01	
  +2.8833333333333333E+00	  +3.7000000000000000E+01	  +1.1350000000000000E+03	  +2.6392783571662214E+01	
  +2.8999999999999999E+00	  +3.7000000000000000E+01	  +1.1300000000000000E+03	  +2.6411981886249723E+01	
  +2.9166666666666665E+00	  +3.8000000000000000E+01	  +1.1340000000000000E+03	  +2.6463397893829285E+01	
  +2.9333333333333331E+00	  +3.8000000000000000E+01	  +1.1340000000000000E+03	  +2.6532971580746700E+01	
  +2.9500000000000002E+00	  +3.8000000000000000E+01	  +1.1320000000000000E+03	  +2.6583023974641911E+01	
  +2.9666666666666668E+00	  +3.8000000000000000E+01	  +1.1340000000000000E+03	  +2.6620032944357682E+01	
  +2.9833333333333334E+00	  +3.8000000000000000E+01	  +1.1320000000000000E+03	  +2.6646560339107214E+01	
  +3.0000000000000000E+00	  +3.8000000000000000E+01	  +1.1340000000000000E+03	  +2.6666260834270361E+01	
  +3.0166666666666666E+00	  +3.7000000000000000E+01	  +1.1320000000000000E+03	  +2.6549138639672751E+01	
  +3.0333333333333332E+00	  +3.7000000000000000E+01	  +1.1330000000000000E+03	  +2.6445349064170582E+01	
  +3.0499999999999998E+00	  +3.8000000000000000E+01	  +1.1340000000000000E+03	  +2.6576136897430455E+01	
  +3.0666666666666669E+00	  +3.7000000000000000E+01	  +1.1330000000000000E+03	  +2.6548026935699994E+01	
  +3.0833333333333335E+00	  +3.7000000000000000E+01	  +1.1330000000000000E+03	  +2.6444194481485308E+01	
  +3.1000000000000001E+00	  +3.7000000000000000E+01	  +1.1340000000000000E+03	  +2.6428667514299754E+01	
  +3.1166666666666667E+00	  +3.7000000000000000E+01	  +1.1340000000000000E+03	  +2.6422600162127672E+01	
  +3.1333333333333333E+00	  +3.7000000000000000E+01	  +1.1340000000000000E+03	  +2.6424080416467017E+01	
  +3.1499999999999999E+00	  +3.7000000000000000E+01	  +1.1350000000000000E+03	  +2.6422213770920226E+01	
  +3.1666666666666665E+00	  +3.7000000000000000E+01	  +1.1310000000000000E+03	  +2.6423685015939533E+01	
  +3.1833333333333331E+00	  +3.7000000000000000E+01	  +1.1350000000000000E+03	  +2.6422458051552997E+01	
  +3.2000000000000002E+00	  +3.7000000000000000E+01	  +1.1350000000000000E+03	  +2.6423489820044754E+01	
  +3.2166666666666668E+00	  +3.7000000000000000E+01	  +1.1320000000000000E+03	  +2.6422626853157006E+01	
  +3.2333333333333334E+00	  +3.7000000000000000E+01	  +1.1340000000000000E+03	  +2.6423379905380575E+01	
  +3.2500000000000000E+00	  +3.7000000000000000E+01	  +1.1340000000000000E+03	  +2.6422761177879512E+01	
  +3.2666666666666666E+00	  +3.7000000000000000E+01	  +1.1340000000000000E+03	  +2.6423296783944352E+01	
  +3.2833333333333332E+00	  +3.7000000000000000E+01	  +1.1330000000000000E+03	  +2.6422847011793479E+01	
  +3.2999999999999998E+00	  +3.7000000000000000E+01	  +1.1340000000000000E+03	  +2.6423241568639021E+01	
  +3.3166666666666669E+00	  +3.7000000000000000E+01	  +1.1340000000000000E+03	  +2.6422912699637287E+01	
  +3.3333333333333335E+00	  +3.7000000000000000E+01	  +1.1330000000000000E+03	  +2.6423172111649816E+01	
  +3.3500000000000001E+00	  +3.7000000000000000E+01	  +1.1340000000000000E+03	  +2.6422922584189742E+01	
  +3.3666666666666667E+00	  +3.7000000000000000E+01	  +1.1350000000000000E+03	  +2.6423128469041451E+01	
  +3.3833333333333333E+00	  +3.7000000000000000E+01	  +1.1330000000000000E+03	  +2.6422954079467036E+01	
  +3.3999999999999999E+00	  +3.7000000000000000E+01	  +1.1340000000000000E+03	  +2.6423107884519588E+01	
  +3.4166666666666665E+00	  +3.7000000000000000E+01	  +1.1350000000000000E+03	  +2.6422979813395088E+01	
  +3.4333333333333331E+00	  +3.7000000000000000E+01	  +1.1350000000000000E+03	  +2.6423096144230144E+01	
  +3.4500000000000002E+00	  +3.7000000000000000E+01	  +1.1340000000000000E+03	  +2.6423003588481389E+01	
  +3.4666666666666668E+00	  +3.7000000000000000E+01	  +1.1330000000000000E+03	  +2.6423090775914343E+01	
  +3.4833333333333334E+00	  +3.7000000000000000E+01	  +1.1350000000000000E+03	  +2.6423025562262254E+01	
  +3.5000000000000000E+00	  +3.7000000000000000E+01	  +1.1330000000000000E+03	  +2.6423095606586894E+01	
  +3.5166666666666666E+00	  +3.7000000000000000E+01	  +1.1340000000000000E+03	  +2.6423048438801416E+01	
  +3.5333333333333332E+00	  +3.7000000000000000E+01	  +1.1330000000000000E+03	  +2.6423103724092424E+01	
  +3.5499999999999998E+00	  +3.7000000000000000E+01	  +1.1330000000000000E+03	  +2.6423069799033581E+01	
  +3.5666666666666669E+00	  +3.7000000000000000E+01	  +1.1330000000000000E+03	  +2.6423113235918827E+01	
  +3.5833333333333335E+00	  +3.7000000000000000E+01	  +1.1320000000000000E+03	  +2.6423073289214503E+01	
  +3.6000000000000001E+00	  +3.7000000000000000E+01	  +1.1350000000000000E+03	  +2.6423079427835336E+01	
  +3.6166666666666667E+00	  +3.7000000000000000E+01	  +1.1350000000000000E+03	  +2.6423040958474335E+01	
  +3.6333333333333333E+00	  +3.7000000000000000E+01	  +1.1340000000000000E+03	  +2.6423055897946877E+01	
  +3.6499999999999999E+00	  +3.7000000000000000E+01	  +1.1330000000000000E+03	  +2.6423032256189099E+01	
  +3.6666666666666665E+00	  +3.7000000000000000E+01	  +1.1340000000000000E+03	  +2.6423044520546480E+01	
  +3.6833333333333331E+00	  +3.6000000000000000E+01	  +1.1340000000000000E+03	  +2.6274988486551369E+01	
  +3.7000000000000002E+00	  +3.6000000000000000E+01	  +1.1340000000000000E+03	  +2.6150143912092087E+01	
  +3.7166666666666668E+00	  +3.6000000000000000E+01	  +1.1350000000000000E+03	  +2.6129602153881873E+01	
  +3.7333333333333334E+00	  +3.6000000000000000E+01	  +1.1330000000000000E+03	  +2.6123527667375225E+01	
  +3.7500000000000000E+00	  +3.6000000000000000E+01	  +1.1340000000000000E+03	  +2.6124213996106857E+01	
  +3.7666666666666666E+00	  +3.6000000000000000E+01	  +1.1320000000000000E+03	  +2.6122796170494503E+01	
  +3.7833333333333332E+00	  +3.7000000000000000E+01	  +1.1340000000000000E+03	  +2.6271840712962160E+01	
  +3.7999999999999998E+00	  +3.7000000000000000E+01	  +1.1330000000000000E+03	  +2.6395807845187132E+01	
  +3.8166666666666669E+00	  +3.7000000000000000E+01	  +1.1350000000000000E+03	  +2.6417059989439121E+01	
  +3.8333333333333335E+00	  +3.8000000000000000E+01	  +1.1340000000000000E+03	  +2.6541472435477740E+01	
  +3.8500000000000001E+00	  +3.8000000000000000E+01	  +1.1320000000000000E+03	  +2.6632482609025864E+01	
  +3.8666666666666667E+00	  +3.8000000000000000E+01	  +1.1330000000000000E+03	  +2.6655571760153624E+01	
  +3.8833333333333333E+00	  +3.8000000000000000E+01	  +1.1340000000000000E+03	  +2.6672872970722509E+01	
  +3.8999999999999999E+00	  +3.8000000000000000E+01	  +1.1340000000000000E+03	  +2.6685090185120526E+01	
  +3.9166666666666665E+00	  +3.8000000000000000E+01	  +1.1330000000000000E+03	  +2.6694320952166144E+01	
  +3.9333333333333331E+00	  +3.8000000000000000E+01	  +1.1340000000000000E+03	  +2.6700769100791028E+01	
  +3.9500000000000002E+00	  +3.8000000000000000E+01	  +1.1350000000000000E+03	  +2.6705697506521538E+01	
  +3.9666666666666668E+00	  +3.8000000000000000E+01	  +1.1350000000000000E+03	  +2.6709106265209630E+01	
  +3.9833333333333334E+00	  +3.8000000000000000E+01	  +1.1340000000000000E+03	  +2.6711745982869157E+01	
  +4.0000000000000000E+00	  +3.8000000000000000E+01	  +1.1350000000000000E+03	  +2.6871208460758194E+01	
  +4.0166666666666666E+00	  +3.8000000000000000E+01	  +1.1290000000000000E+03	  +2.7105333522803942E+01	
  +4.0333333333333332E+00	  +3.8000000000000000E+01	  +1.1290000000000000E+03	  +2.7269596370586214E+01	
  +4.0499999999999998E+00	  +3.7000000000000000E+01	  +1.1290000000000000E+03	  +2.7345354679204007E+01	
  +4.0666666666666664E+00	  +3.7000000000000000E+01	  +1.1290000000000000E+03	  +2.7363803558994373E+01	
  +4.0833333333333330E+00	  +3.7000000000000000E+01	  +1.1300000000000000E+03	  +2.7381912000554760E+01	
  +4.0999999999999996E+00	  +3.7000000000000000E+01	  +1.1300000000000000E+03	  +2.7391365079712099E+01	
  +4.1166666666666663E+00	  +3.7000000000000000E+01	  +1.1300000000000000E+03	  +2.7401530246555961E+01	
  +4.1333333333333337E+00	  +3.7000000000000000E+01	  +1.1290000000000000E+03	  +2.7406239244026743E+01	
  +4.1500000000000004E+00	  +3.7000000000000000E+01	  +1.1300000000000000E+03	  +2.7412119778233478E+01	
  +4.1666666666666670E+00	  +3.7000000000000000E+01	  +1.1300000000000000E+03	  +2.7414124054074339E+01	
  +4.1833333333333336E+00	  +3.7000000000000000E+01	  +1.1280000000000000E+03	  +2.7417847992100619E+01	
  +4.2000000000000002E+00	  +3.7000000000000000E+01	  +1.1290000000000000E+03	  +2.7419024004271858E+01	
  +4.2166666666666668E+00	  +3.7000000000000000E+01	  +1.1290000000000000E+03	  +2.7421254514744341E+01	
  +4.2333333333333334E+00	  +3.7000000000000000E+01	  +1.1310000000000000E+03	  +2.7421972421475068E+01	
  +4.2500000000000000E+00	  +3.7000000000000000E+01	  +1.1300000000000000E+03	  +2.7423230896573802E+01	
  +4.2666666666666666E+00	  +3.7000000000000000E+01	  +1.1300000000000000E+03	  +2.7423457694368167E+01	
  +4.2833333333333332E+00	  +3.7000000000000000E+01	  +1.1290000000000000E+03	  +2.7424291318300483E+01	
  +4.2999999999999998E+00	  +3.7000000000000000E+01	  +1.1290000000000000E+03	  +2.7424395207917883E+01	
  +4.3166666666666664E+00	  +3.7000000000000000E+01	  +1.1270000000000000E+03	  +2.7424972111852668E+01	
  +4.3333333333333330E+00	  +3.7000000000000000E+01	  +1.1300000000000000E+03	  +2.7425023610947626E+01	
  +4.3499999999999996E+00	  +3.7000000000000000E+01	  +1.1290000000000000E+03	  +2.7425439541564838E+01	
  +4.3666666666666663E+00	  +3.7000000000000000E+01	  +1.1300000000000000E+03	  +2.7425469177669029E+01	
  +4.3833333333333337E+00	  +3.7000000000000000E+01	  +1.1280000000000000E+03	  +2.7425768499984436E+01	
  +4.4000000000000004E+00	  +3.6000000000000000E+01	  +1.1300000000000000E+03	  +2.7279488846045890E+01	
  +4.4166666666666670E+00	  +3.6000000000000000E+01	  +1.1300000000000000E+03	  +2.7157564654793248E+01	
  +4.4333333333333336E+00	  +3.6000000000000000E+01	  +1.1320000000000000E+03	  +2.7137131912434672E+01	
  +4.4500000000000002E+00	  +3.6000000000000000E+01	  +1.1280000000000000E+03	  +2.7131562224901465E+01	
  +4.4666666666666668E+00	  +3.6000000000000000E+01	  +1.1300000000000000E+03	  +2.7132026359363000E+01	
  +4.4833333333333334E+00	  +3.6000000000000000E+01	  +1.1300000000000000E+03	  +2.7130931148614625E+01	
  +4.5000000000000000E+00	  +3.6000000000000000E+01	  +1.1320000000000000E+03	  +2.7131746217337007E+01	
  +4.5166666666666666E+00	  +3.6000000000000000E+01	  +1.1300000000000000E+03	  +2.7131099859374107E+01	
  +4.5333333333333332E+00	  +3.6000000000000000E+01	  +1.1300000000000000E+03	  +2.7131708226269968E+01	
  +4.5499999999999998E+00	  +3.6000000000000000E+01	  +1.1320000000000000E+03	  +2.7131285279263565E+01	
  +4.5666666666666664E+00	  +3.6000000000000000E+01	  +1.1310000000000000E+03	  +2.7131698347490275E+01	
  +4.5833333333333330E+00	  +3.6000000000000000E+01	  +1.1320000000000000E+03	  +2.7131435667896294E+01	
  +4.5999999999999996E+00	  +3.6000000000000000E+01	  +1.1310000000000000E+03	  +2.7131714796798448E+01	
  +4.6166666666666663E+00	  +3.5000000000000000E+01	  +1.1290000000000000E+03	  +2.6983504339921584E+01	
  +4.6333333333333337E+00	  +3.5000000000000000E+01	  +1.1310000000000000E+03	  +2.6858872180277366E+01	
  +4.6500000000000004E+00	  +3.5000000000000000E+01	  +1.1330000000000000E+03	  +2.6838206377445076E+01	
  +4.6666666666666670E+00	  +3.5000000000000000E+01	  +1.1290000000000000E+03	  +2.6832252904228746E+01	
  +4.6833333333333336E+00	  +3.5000000000000000E+01	  +1.1310000000000000E+03	  +2.6832837109724039E+01	
  +4.7000000000000002E+00	  +3.6000000000000000E+01	  +1.1290000000000000E+03	  +2.6979518414936599E+01	
  +4.7166666666666668E+00	  +3.6000000000000000E+01	  +1.1260000000000000E+03	  +2.7105287644815313E+01	
  +4.7333333333333334E+00	  +3.6000000000000000E+01	  +1.1280000000000000E+03	  +2.7125009510385709E+01	
  +4.7500000000000000E+00	  +3.6000000000000000E+01	  +1.1270000000000000E+03	  +2.7131761342214006E+01	
  +4.7666666666666666E+00	  +3.6000000000000000E+01	  +1.1300000000000000E+03	  +2.7130488835230462E+01	
  +4.7833333333333332E+00	  +3.6000000000000000E+01	  +1.1270000000000000E+03	  +2.7132389581113255E+01	
  +4.7999999999999998E+00	  +3.6000000000000000E+01	  +1.1260000000000000E+03	  +2.7130966297029509E+01	
  +4.8166666666666664E+00	  +3.7000000000000000E+01	  +1.1280000000000000E+03	  +2.7280210663262970E+01	
  +4.8333333333333330E+00	  +3.6000000000000000E+01	  +1.1310000000000000E+03	  +2.7256017406806475E+01	
  +4.8499999999999996E+00	  +3.7000000000000000E+01	  +1.1290000000000000E+03	  +2.7300567846732584E+01	
  +4.8666666666666663E+00	  +3.7000000000000000E+01	  +1.1260000000000000E+03	  +2.7382920600659759E+01	
  +4.8833333333333337E+00	  +3.7000000000000000E+01	  +1.1280000000000000E+03	  +2.7396515599274451E+01	
  +4.9000000000000004E+00	  +3.7000000000000000E+01	  +1.1310000000000000E+03	  +2.7405492351575973E+01	
  +4.9166666666666670E+00	  +3.7000000000000000E+01	  +1.1280000000000000E+03	  +2.7410657616863755E+01	
  +4.9333333333333336E+00	  +3.7000000000000000E+01	  +1.1320000000000000E+03	  +2.7415575319152968E+01	
  +4.9500000000000002E+00	  +3.7000000000000000E+01	  +1.1290000000000000E+03	  +2.7418209778079341E+01	
  +4.9666666666666668E+00	  +3.7000000000000000E+01	  +1.1300000000000000E+03	  +2.7420921030486117E+01	
  +4.9833333333333334E+00	  +3.7000000000000000E+01	  +1.1300000000000000E+03	  +2.7422234696886115E+01	
  +5.0000000000000000E+00	  +3.7000000000000000E+01	  +1.1300000000000000E+03	  +2.7423752737195546E+01	
  +5.0166666666666666E+00	  +3.7000000000000000E+01	  +1.1300000000000000E+03	  +2.7424391592814690E+01	
  +5.0333333333333332E+00	  +3.7000000000000000E+01	  +1.1300000000000000E+03	  +2.7425246105510936E+01	
  +5.0499999999999998E+00	  +3.7000000000000000E+01	  +1.1320000000000000E+03	  +2.7425526287658933E+01	
  +5.0666666666666664E+00	  +3.7000000000000000E+01	  +1.1300000000000000E+03	  +2.7426015999104166E+01	
  +5.0833333333333330E+00	  +3.7000000000000000E+01	  +1.1310000000000000E+03	  +2.7426126321161984E+01	
  +5.0999999999999996E+00	  +3.7000000000000000E+01	  +1.1310000000000000E+03	  +2.7426411201837716E+01	
  +5.1166666666666663E+00	  +3.7000000000000000E+01	  +1.1300000000000000E+03	  +2.7426437258809763E+01	
  +5.1333333333333337E+00	  +3.7000000000000000E+01	  +1.1320000000000000E+03	  +2.7426606786730375E+01	
  +5.1500000000000004E+00	  +3.7000000000000000E+01	  +1.1320000000000000E+03	  +2.7426599045408299E+01	
  +5.1666666666666670E+00	  +3.7000000000000000E+01	  +1.1310000000000000E+03	  +2.7426702813200176E+01	
  +5.1833333333333336E+00	  +3.7000000000000000E+01	  +1.1310000000000000E+03	  +2.7426683109161896E+01	
  +5.2000000000000002E+00	  +3.7000000000000000E+01	  +1.1310000000000000E+03	  +2.7426746990721650E+01	
  +5.2166666666666668E+00	  +3.7000000000000000E+01	  +1.1290000000000000E+03	  +2.7426720517992500E+01	
  +5.2333333333333334E+00	  +3.7000000000000000E+01	  +1.1310000000000000E+03	  +2.7426759990870096E+01	
  +5.2500000000000000E+00	  +3.7000000000000000E+01	  +1.1300000000000000E+03	  +2.7426733316148834E+01	
  +5.2666666666666666E+00	  +3.6000000000000000E+01	  +1.1310000000000000E+03	  +2.7281190844732052E+01	
  +5.2833333333333332E+00	  +3.7000000000000000E+01	  +1.1290000000000000E+03	  +2.7305926655140794E+01	
  +5.2999999999999998E+00	  +3.6000000000000000E+01	  +1.1290000000000000E+03	  +2.7262633941248676E+01	
  +5.3166666666666664E+00	  +3.6000000000000000E+01	  +1.1300000000000000E+03	  +2.7152254895792758E+01	
  +5.3333333333333330E+00	  +3.6000000000000000E+01	  +1.1300000000000000E+03	  +2.7138554752947659E+01	
  +5.3499999999999996E+00	  +3.6000000000000000E+01	  +1.1300000000000000E+03	  +2.7130259230227185E+01	
  +5.3666666666666663E+00	  +3.6000000000000000E+01	  +1.1300000000000000E+03	  +2.7133436212334257E+01	
  +5.3833333333333337E+00	  +3.6000000000000000E+01	  +1.1300000000000000E+03	  +2.7130037779397210E+01	
  +5.4000000000000004E+00	  +3.6000000000000000E+01	  +1.1300000000000000E+03	  +2.7132672292509412E+01	
  +5.4166666666666670E+00	  +3.6000000000000000E+01	  +1.1310000000000000E+03	  +2.7130382348888212E+01	
  +5.4333333333333336E+00	  +3.6000000000000000E+01	  +1.1300000000000000E+03	  +2.7132257550775861E+01	
  +5.4500000000000002E+00	  +3.6000000000000000E+01	  +1.1290000000000000E+03	  +2.7130627488220760E+01	
  +5.4666666666666668E+00	  +3.6000000000000000E+01	  +1.1300000000000000E+03	  +2.7131941004790225E+01	
  +5.4833333333333334E+00	  +3.6000000000000000E+01	  +1.1300000000000000E+03	  +2.7130756601907482E+01	
  +5.5000000000000000E+00	  +3.6000000000000000E+01	  +1.1310000000000000E+03	  +2.7131704040759210E+01	
  +5.5166666666666666E+00	  +3.6000000000000000E+01	  +1.1320000000000000E+03	  +2.7130842399323395E+01	
  +5.5333333333333332E+00	  +3.5000000000000000E+01	  +1.1300000000000000E+03	  +2.6983514599063550E+01	
  +5.5499999999999998E+00	  +3.5000000000000000E+01	  +1.1290000000000000E+03	  +2.6858059465713172E+01	
  +5.5666666666666664E+00	  +3.5000000000000000E+01	  +1.1300000000000000E+03	  +2.6838015266565801E+01	
  +5.5833333333333330E+00	  +3.5000000000000000E+01	  +1.1310000000000000E+03	  +2.6831446530094315E+01	
  +5.5999999999999996E+00	  +3.6000000000000000E+01	  +1.1310000000000000E+03	  +2.6980551604919281E+01	
  +5.6166666666666663E+00	  +3.6000000000000000E+01	  +1.1290000000000000E+03	  +2.7103625632371774E+01	
  +5.6333333333333337E+00	  +3.6000000000000000E+01	  +1.1290000000000000E+03	  +2.7125424306262016E+01	
  +5.6500000000000004E+00	  +3.7000000000000000E+01	  +1.1300000000000000E+03	  +2.7278381651537991E+01	
  +5.6666666666666670E+00	  +3.7000000000000000E+01	  +1.1290000000000000E+03	  +2.7384608084187590E+01	
  +5.6833333333333336E+00	  +3.7000000000000000E+01	  +1.1280000000000000E+03	  +2.7399524035367172E+01	
  +5.7000000000000002E+00	  +3.7000000000000000E+01	  +1.1300000000000000E+03	  +2.7407009691778544E+01	
  +5.7166666666666668E+00	  +3.7000000000000000E+01	  +1.1310000000000000E+03	  +2.7411968236166381E+01	
  +5.7333333333333334E+00	  +3.7000000000000000E+01	  +1.1290000000000000E+03	  +2.7415994993477437E+01	
  +5.7500000000000000E+00	  +3.7000000000000000E+01	  +1.1290000000000000E+03	  +2.7418572978428134E+01	
  +5.7666666666666666E+00	  +3.7000000000000000E+01	  +1.1300000000000000E+03	  +2.7420751483990056E+01	
  +5.7833333333333332E+00	  +3.7000000000000000E+01	  +1.1290000000000000E+03	  +2.7422092770100146E+01	
  +5.7999999999999998E+00	  +3.7000000000000000E+01	  +1.1290000000000000E+03	  +2.7423273339796111E+01	
  +5.8166666666666664E+00	  +3.7000000000000000E+01	  +1.1290000000000000E+03	  +2.7423953222270644E+01	
  +5.8333333333333330E+00	  +3.7000000000000000E+01	  +1.1300000000000000E+03	  +2.7424596961769009E+01	
  +5.8499999999999996E+00	  +3.7000000000000000E+01	  +1.1290000000000000E+03	  +2.7424937336440866E+01	
  +5.8666666666666663E+00	  +3.7000000000000000E+01	  +1.1290000000000000E+03	  +2.7425291000659140E+01	
  +5.8833333333333337E+00	  +3.7000000000000000E+01	  +1.1310000000000000E+03	  +2.7425451285308363E+01	
  +5.9000000000000004E+00	  +3.7000000000000000E+01	  +1.1300000000000000E+03	  +2.7425644681984267E+01	
  +5.9166666666666670E+00	  +3.7000000000000000E+01	  +1.1280000000000000E+03	  +2.7425714854876031E+01	
  +5.9333333333333336E+00	  +3.7000000000000000E+01	  +1.1280000000000000E+03	  +2.7425821183496691E+01	
  +5.9500000000000002E+00	  +3.7000000000000000E+01	  +1.1300000000000000E+03	  +2.7425844751783664E+01	
  +5.9666666666666668E+00	  +3.7000000000000000E+01	  +1.1310000000000000E+03	  +2.7425902560852908E+01	
  +5.9833333333333334E+00	  +3.7000000000000000E+01	  +1.1290000000000000E+03	  +2.7425902603990650E+01	
  +6.0000000000000000E+00	  +3.7000000000000000E+01	  +1.1300000000000000E+03	  +2.7537103561589728E+01	
  +6.0166666666666666E+00	  +3.7000000000000000E+01	  +1.1310000000000000E+03	  +2.7700928657300359E+01	
  +6.0333333333333332E+00	  +3.7000000000000000E+01	  +1.1310000000000000E+03	  +2.7815957817973196E+01	
  +6.0499999999999998E+00	  +3.7000000000000000E+01	  +1.1290000000000000E+03	  +2.7903513240491499E+01	
  +6.0666666666666664E+00	  +3.7000000000000000E+01	  +1.1310000000000000E+03	  +2.7964349241033958E+01	
  +6.0833333333333330E+00	  +3.7000000000000000E+01	  +1.1290000000000000E+03	  +2.8011319076296118E+01	
  +6.0999999999999996E+00	  +3.7000000000000000E+01	  +1.1300000000000000E+03	  +2.8043484441851913E+01	
  +6.1166666666666663E+00	  +3.7000000000000000E+01	  +1.1300000000000000E+03	  +2.8068785855910928E+01	
  +6.1333333333333337E+00	  +3.7000000000000000E+01	  +1.1300000000000000E+03	  +2.8085788962820374E+01	
  +6.1500000000000004E+00	  +3.7000000000000000E+01	  +1.1300000000000000E+03	  +2.8099520167157159E+01	
  +6.1666666666666670E+00	  +3.7000000000000000E+01	  +1.1310000000000000E+03	  +2.8108487188322012E+01	
  +6.1833333333333336E+00	  +3.7000000000000000E+01	  +1.1300000000000000E+03	  +2.8115999580961695E+01	
  +6.2000000000000002E+00	  +3.7000000000000000E+01	  +1.1310000000000000E+03	  +2.8120736754634635E+01	
  +6.2166666666666668E+00	  +3.7000000000000000E+01	  +1.1300000000000000E+03	  +2.8124908683814009E+01	
  +6.2333333333333334E+00	  +3.7000000000000000E+01	  +1.1310000000000000E+03	  +2.8127420578766127E+01	
  +6.2500000000000000E+00	  +3.6000000000000000E+01	  +1.1320000000000000E+03	  +2.7988305626367019E+01	
  +6.2666666666666666E+00	  +3.7000000000000000E+01	  +1.1320000000000000E+03	  +2.8014134308799367E+01	
  +6.2833333333333332E+00	  +3.6000000000000000E+01	  +1.1310000000000000E+03	  +2.7972148345410464E+01	
  +6.2999999999999998E+00	  +3.6000000000000000E+01	  +1.1320000000000000E+03	  +2.7861201751787089E+01	
  +6.3166666666666664E+00	  +3.6000000000000000E+01	  +1.1320000000000000E+03	  +2.7848238025420915E+01	
  +6.3333333333333330E+00	  +3.6000000000000000E+01	  +1.1330000000000000E+03	  +2.7839561258658829E+01	
  +6.3499999999999996E+00	  +3.6000000000000000E+01	  +1.1310000000000000E+03	  +2.7843292756275549E+01	
  +6.3666666666666663E+00	  +3.6000000000000000E+01	  +1.1310000000000000E+03	  +2.7839666417215426E+01	
  +6.3833333333333337E+00	  +3.6000000000000000E+01	  +1.1300000000000000E+03	  +2.7842759661066939E+01	
  +6.4000000000000004E+00	  +3.6000000000000000E+01	  +1.1310000000000000E+03	  +2.7840239989681216E+01	
  +6.4166666666666670E+00	  +3.6000000000000000E+01	  +1.1300000000000000E+03	  +2.7842444170927731E+01	
  +6.4333333333333336E+00	  +3.5000000000000000E+01	  +1.1310000000000000E+03	  +2.7692662448293980E+01	
  +6.4500000000000002E+00	  +3.5000000000000000E+01	  +1.1320000000000000E+03	  +2.7569439456141421E+01	
  +6.4666666666666668E+00	  +3.5000000000000000E+01	  +1.1310000000000000E+03	  +2.7547637683716744E+01	
  +6.4833333333333334E+00	  +3.5000000000000000E+01	  +1.1320000000000000E+03	  +2.7542701893280682E+01	
  +6.5000000000000000E+00	  +3.5000000000000000E+01	  +1.1310000000000000E+03	  +2.7542482869676245E+01	
  +6.5166666666666666E+00	  +3.5000000000000000E+01	  +1.1310000000000000E+03	  +2.7541922352990948E+01	
  +6.5333333333333332E+00	  +3.6000000000000000E+01	  +1.1310000000000000E+03	  +2.7690271849403281E+01	
  +6.5499999999999998E+00	  +3.6000000000000000E+01	  +1.1320000000000000E+03	  +2.7814847621126063E+01	
  +6.5666666666666664E+00	  +3.6000000000000000E+01	  +1.1310000000000000E+03	  +2.7835638921449426E+01	
  +6.5833333333333330E+00	  +3.6000000000000000E+01	  +1.1300000000000000E+03	  +2.7841605299727711E+01	
  +6.5999999999999996E+00	  +3.6000000000000000E+01	  +1.1330000000000000E+03	  +2.7841067100968200E+01	
  +6.6166666666666663E+00	  +3.6000000000000000E+01	  +1.1320000000000000E+03	  +2.7842433749562190E+01	
  +6.6333333333333337E+00	  +3.6000000000000000E+01	  +1.1310000000000000E+03	  +2.7841547009856388E+01	
  +6.6500000000000004E+00	  +3.6000000000000000E+01	  +1.1300000000000000E+03	  +2.7842448741405853E+01	
  +6.6666666666666670E+00	  +3.6000000000000000E+01	  +1.1300000000000000E+03	  +2.7841825505082870E+01	
  +6.6833333333333336E+00	  +3.6000000000000000E+01	  +1.1310000000000000E+03	  +2.7842478727086871E+01	
  +6.7000000000000002E+00	  +3.6000000000000000E+01	  +1.1300000000000000E+03	  +2.7842062714110934E+01	
  +6.7166666666666668E+00	  +3.6000000000000000E+01	  +1.1320000000000000E+03	  +2.7842578287304711E+01	
  +6.7333333333333334E+00	  +3.6000000000000000E+01	  +1.1310000000000000E+03	  +2.7842304949744165E+01	
  +6.7500000000000000E+00	  +3.6000000000000000E+01	  +1.1300000000000000E+03	  +2.7842699116583649E+01	
  +6.7666666666666666E+00	  +3.6000000000000000E+01	  +1.1320000000000000E+03	  +2.7842532338010376E+01	
  +6.7833333333333332E+00	  +3.6000000000000000E+01	  +1.1300000000000000E+03	  +2.7842850326410311E+01	
  +6.7999999999999998E+00	  +3.6000000000000000E+01	  +1.1300000000000000E+03	  +2.7842751034797960E+01	
  +6.8166666666666664E+00	  +3.5000000000000000E+01	  +1.1320000000000000E+03	  +2.7695013334457812E+01	
  +6.8333333333333330E+00	  +3.5000000000000000E+01	  +1.1320000000000000E+03	  +2.7570157835297628E+01	
  +6.8499999999999996E+00	  +3.5000000000000000E+01	  +1.1300000000000000E+03	  +2.7549834380899835E+01	
  +6.8666666666666663E+00	  +3.5000000000000000E+01	  +1.1310000000000000E+03	  +2.7543759501728029E+01	
  +6.8833333333333337E+00	  +3.5000000000000000E+01	  +1.1330000000000000E+03	  +2.7544651392038507E+01	
  +6.9000000000000004E+00	  +3.5000000000000000E+01	  +1.1300000000000000E+03	  +2.7543258671127720E+01	
  +6.9166666666666670E+00	  +3.5000000000000000E+01	  +1.1320000000000000E+03	  +2.7544438758368202E+01	
  +6.9333333333333336E+00	  +3.5000000000000000E+01	  +1.1300000000000000E+03	  +2.7543572214661090E+01	
  +6.9500000000000002E+00	  +3.5000000000000000E+01	  +1.1320000000000000E+03	  +2.7544452907021050E+01	
  +6.9666666666666668E+00	  +3.5000000000000000E+01	  +1.1290000000000000E+03	  +2.7543866752800703E+01	
  +6.9833333333333334E+00	  +3.5000000000000000E+01	  +1.1320000000000000E+03	  +2.7544524348603492E+01	
  +7.0000000000000000E+00	  +3.5000000000000000E+01	  +1.1320000000000000E+03	  +2.7543974014495944E+01	
  +7.0166666666666666E+00	  +3.5000000000000000E+01	  +1.1300000000000000E+03	  +2.7543996689605144E+01	
  +7.0333333333333332E+00	  +3.5000000000000000E+01	  +1.1310000000000000E+03	  +2.7543122741342241E+01	
  +7.0499999999999998E+00	  +3.5000000000000000E+01	  +1.1310000000000000E+03	  +2.7542887947699384E+01	
  +7.0666666666666664E+00	  +3.5000000000000000E+01	  +1.1320000000000000E+03	  +2.7542156723729821E+01	
  +7.0833333333333330E+00	  +3.5000000000000000E+01	  +1.1320000000000000E+03	  +2.7541916542509860E+01	
  +7.0999999999999996E+00	  +3.5000000000000000E+01	  +1.1290000000000000E+03	  +2.7541321726699199E+01	
  +7.1166666666666663E+00	  +3.5000000000000000E+01	  +1.1310000000000000E+03	  +2.7541114702510601E+01	
  +7.1333333333333337E+00	  +3.5000000000000000E+01	  +1.1310000000000000E+03	  +2.7540635468006315E+01	
  +7.1500000000000004E+00	  +3.5000000000000000E+01	  +1.1320000000000000E+03	  +2.7540444154746140E+01	
  +7.1666666666666670E+00	  +3.5000000000000000E+01	  +1.1300000000000000E+03	  +2.7540053456252419E+01	
  +7.1833333333333336E+00	  +3.5000000000000000E+01	  +1.1300000000000000E+03	  +2.7539914253229909E+01	
  +7.2000000000000002E+00	  +3.5000000000000000E+01	  +1.1310000000000000E+03	  +2.7539644346954216E+01	
  +7.2166666666666668E+00	  +3.5000000000000000E+01	  +1.1320000000000000E+03	  +2.7539528003680864E+01	
  +7.2333333333333334E+00	  +3.5000000000000000E+01	  +1.1310000000000000E+03	  +2.7539263981280307E+01	
  +7.2500000000000000E+00	  +3.5000000000000000E+01	  +1.1310000000000000E+03	  +2.7539161720205005E+01	
  +7.2666666666666666E+00	  +3.5000000000000000E+01	  +1.1310000000000000E+03	  +2.7538996438810752E+01	
  +7.2833333333333332E+00	  +3.5000000000000000E+01	  +1.1310000000000000E+03	  +2.7538905041288935E+01	
  +7.2999999999999998E+00	  +3.5000000000000000E+01	  +1.1310000000000000E+03	  +2.7538763481202754E+01	
  +7.3166666666666664E+00	  +3.5000000000000000E+01	  +1.1310000000000000E+03	  +2.7538718327141211E+01	
  +7.3333333333333330E+00	  +3.5000000000000000E+01	  +1.1300000000000000E+03	  +2.7538617967883830E+01	
  +7.3499999999999996E+00	  +3.5000000000000000E+01	  +1.1320000000000000E+03	  +2.7538580569456862E+01	
  +7.3666666666666663E+00	  +3.5000000000000000E+01	  +1.1300000000000000E+03	  +2.7538516845568360E+01	
  +7.3833333333333337E+00	  +3.5000000000000000E+01	  +1.1300000000000000E+03	  +2.7538496611552468E+01	
  +7.4000000000000004E+00	  +3.5000000000000000E+01	  +1.1320000000000000E+03	  +2.7538455033479149E+01	
  +7.4166666666666670E+00	  +3.5000000000000000E+01	  +1.1320000000000000E+03	  +2.7538460343896475E+01	
  +7.4333333333333336E+00	  +3.6000000000000000E+01	  +1.1290000000000000E+03	  +2.7686453830396388E+01	
  +7.4500000000000002E+00	  +3.6000000000000000E+01	  +1.1310000000000000E+03	  +2.7811279343450803E+01	
  +7.4666666666666668E+00	  +3.6000000000000000E+01	  +1.1280000000000000E+03	  +2.7831806524815647E+01	
  +7.4833333333333334E+00	  +3.6000000000000000E+01	  +1.1310000000000000E+03	  +2.7837912161620750E+01	
  +7.5000000000000000E+00	  +3.6000000000000000E+01	  +1.1300000000000000E+03	  +2.7837374891979824E+01	
  +7.5166666666666666E+00	  +3.6000000000000000E+01	  +1.1310000000000000E+03	  +2.7839281468990052E+01	
  +7.5333333333333332E+00	  +3.6000000000000000E+01	  +1.1300000000000000E+03	  +2.7838870042300030E+01	
  +7.5499999999999998E+00	  +3.6000000000000000E+01	  +1.1330000000000000E+03	  +2.7840365073717553E+01	
  +7.5666666666666664E+00	  +3.6000000000000000E+01	  +1.1310000000000000E+03	  +2.7840218105167139E+01	
  +7.5833333333333330E+00	  +3.6000000000000000E+01	  +1.1300000000000000E+03	  +2.7841397405082397E+01	
  +7.5999999999999996E+00	  +3.6000000000000000E+01	  +1.1320000000000000E+03	  +2.7841405453453675E+01	
  +7.6166666666666663E+00	  +3.6000000000000000E+01	  +1.1310000000000000E+03	  +2.7842334974717097E+01	
  +7.6333333333333337E+00	  +3.6000000000000000E+01	  +1.1310000000000000E+03	  +2.7842424816895171E+01	
  +7.6500000000000004E+00	  +3.5000000000000000E+01	  +1.1300000000000000E+03	  +2.7695193178435524E+01	
  +7.6666666666666670E+00	  +3.5000000000000000E+01	  +1.1320000000000000E+03	  +2.7570498129354110E+01	
  +7.6833333333333336E+00	  +3.5000000000000000E+01	  +1.1320000000000000E+03	  +2.7550610393266915E+01	
  +7.7000000000000002E+00	  +3.5000000000000000E+01	  +1.1310000000000000E+03	  +2.7544697474773589E+01	
  +7.7166666666666668E+00	  +3.5000000000000000E+01	  +1.1320000000000000E+03	  +2.7545936083121020E+01	
  +7.7333333333333334E+00	  +3.5000000000000000E+01	  +1.1310000000000000E+03	  +2.7544717872117484E+01	
  +7.7500000000000000E+00	  +3.5000000000000000E+01	  +1.1300000000000000E+03	  +2.7546182211952509E+01	
  +7.7666666666666666E+00	  +3.5000000000000000E+01	  +1.1310000000000000E+03	  +2.7545501363765588E+01	
  +7.7833333333333332E+00	  +3.5000000000000000E+01	  +1.1310000000000000E+03	  +2.7546604946612923E+01	
  +7.7999999999999998E+00	  +3.4000000000000000E+01	  +1.1330000000000000E+03	  +2.7398177827664622E+01	
  +7.8166666666666664E+00	  +3.4000000000000000E+01	  +1.1320000000000000E+03	  +2.7274176973443158E+01	
  +7.8333333333333330E+00	  +3.4000000000000000E+01	  +1.1330000000000000E+03	  +2.7253409191747210E+01	
  +7.8499999999999996E+00	  +3.4000000000000000E+01	  +1.1320000000000000E+03	  +2.7247993344876711E+01	
  +7.8666666666666663E+00	  +3.4000000000000000E+01	  +1.1330000000000000E+03	  +2.7248583463964334E+01	
  +7.8833333333333337E+00	  +3.4000000000000000E+01	  +1.1320000000000000E+03	  +2.7247701956182738E+01	
  +7.9000000000000004E+00	  +3.4000000000000000E+01	  +1.1320000000000000E+03	  +2.7248656267931366E+01	
  +7.9166666666666670E+00	  +3.4000000000000000E+01	  +1.1330000000000000E+03	  +2.7248189982531827E+01	
  +7.9333333333333336E+00	  +3.4000000000000000E+01	  +1.1330000000000000E+03	  +2.7248913831079257E+01	
  +7.9500000000000002E+00	  +3.4000000000000000E+01	  +1.1320000000000000E+03	  +2.7248649583734366E+01	
  +7.9666666666666668E+00	  +3.3000000000000000E+01	  +1.1310000000000000E+03	  +2.7101190787323574E+01	
  +7.9833333333333334E+00	  +3.3000000000000000E+01	  +1.1320000000000000E+03	  +2.6976182847559809E+01	
  +8.0000000000000000E+00	  +3.3000000000000000E+01	  +1.1300000000000000E+03	  +2.7173296681434881E+01	
  +8.0166666666666675E+00	  +3.3000000000000000E+01	  +1.1310000000000000E+03	  +2.7368680061312062E+01	
  +8.0333333333333332E+00	  +3.3000000000000000E+01	  +1.1340000000000000E+03	  +2.7398635749676345E+01	
  +8.0500000000000007E+00	  +3.3000000000000000E+01	  +1.1340000000000000E+03	  +2.7409826375592477E+01	
  +8.0666666666666664E+00	  +3.3000000000000000E+01	  +1.1320000000000000E+03	  +2.7407482326015586E+01	
  +8.0833333333333339E+00	  +3.3000000000000000E+01	  +1.1320000000000000E+03	  +2.7411006777851313E+01	
  +8.0999999999999996E+00	  +3.3000000000000000E+01	  +1.1330000000000000E+03	  +2.7408580732987833E+01	
  +8.1166666666666671E+00	  +3.3000000000000000E+01	  +1.1330000000000000E+03	  +2.7410981135160768E+01	
  +8.1333333333333329E+00	  +3.3000000000000000E+01	  +1.1320000000000000E+03	  +2.7409258332895220E+01	
  +8.1500000000000004E+00	  +3.3000000000000000E+01	  +1.1330000000000000E+03	  +2.7415565134451647E+01	
  +8.1666666666666661E+00	  +3.3000000000000000E+01	  +1.1330000000000000E+03	  +2.7419279584822480E+01	
  +8.1833333333333336E+00	  +3.3000000000000000E+01	  +1.1330000000000000E+03	  +2.7424841652432171E+01	
  +8.1999999999999993E+00	  +3.3000000000000000E+01	  +1.1320000000000000E+03	  +2.7428348376042067E+01	
  +8.2166666666666668E+00	  +3.3000000000000000E+01	  +1.1330000000000000E+03	  +2.7432103876738335E+01	
  +8.2333333333333325E+00	  +3.2000000000000000E+01	  +1.1330000000000000E+03	  +2.7285376029423873E+01	
  +8.2500000000000000E+00	  +3.2000000000000000E+01	  +1.1330000000000000E+03	  +2.7162802664895931E+01	
  +8.2666666666666675E+00	  +3.2000000000000000E+01	  +1.1320000000000000E+03	  +2.7143309790068219E+01	
  +8.2833333333333332E+00	  +3.1000000000000000E+01	  +1.1350000000000000E+03	  +2.6991153995028085E+01	
  +8.3000000000000007E+00	  +3.1000000000000000E+01	  +1.1340000000000000E+03	  +2.6867388995100665E+01	
  +8.3166666666666664E+00	  +3.1000000000000000E+01	  +1.1340000000000000E+03	  +2.6846439631412309E+01	
  +8.3333333333333339E+00	  +3.1000000000000000E+01	  +1.1350000000000000E+03	  +2.6842102866151542E+01	
  +8.3499999999999996E+00	  +3.1000000000000000E+01	  +1.1340000000000000E+03	  +2.6843195224338526E+01	
  +8.3666666666666671E+00	  +3.1000000000000000E+01	  +1.1330000000000000E+03	  +2.6843277990631204E+01	
  +8.3833333333333329E+00	  +3.0000000000000000E+01	  +1.1320000000000000E+03	  +2.6697030266872261E+01	
  +8.4000000000000004E+00	  +3.0000000000000000E+01	  +1.1350000000000000E+03	  +2.6572969793942772E+01	
  +8.4166666666666661E+00	  +3.0000000000000000E+01	  +1.1340000000000000E+03	  +2.6553718238677479E+01	
  +8.4333333333333336E+00	  +3.0000000000000000E+01	  +1.1360000000000000E+03	  +2.6548008719094874E+01	
  +8.4499999999999993E+00	  +2.9000000000000000E+01	  +1.1360000000000000E+03	  +2.6402723075828806E+01	
  +8.4666666666666668E+00	  +2.9000000000000000E+01	  +1.1360000000000000E+03	  +2.6278350700312075E+01	
  +8.4833333333333325E+00	  +2.9000000000000000E+01	  +1.1350000000000000E+03	  +2.6260930746759904E+01	
  +8.5000000000000000E+00	  +2.9000000000000000E+01	  +1.1350000000000000E+03	  +2.6255341245669847E+01	
  +8.5166666666666675E+00	  +2.9000000000000000E+01	  +1.1360000000000000E+03	  +2.6258365715056730E+01	
  +8.5333333333333332E+00	  +2.9000000000000000E+01	  +1.1360000000000000E+03	  +2.6257537264865181E+01	
  +8.5500000000000007E+00	  +2.8000000000000000E+01	  +1.1350000000000000E+03	  +2.6117930874828172E+01	
  +8.5666666666666664E+00	  +2.8000000000000000E+01	  +1.1330000000000000E+03	  +2.5997057251049068E+01	
  +8.5833333333333339E+00	  +2.8000000000000000E+01	  +1.1350000000000000E+03	  +2.5980052695392377E+01	
  +8.5999999999999996E+00	  +2.8000000000000000E+01	  +1.1340000000000000E+03	  +2.5974356270948689E+01	
  +8.6166666666666671E+00	  +2.8000000000000000E+01	  +1.1350000000000000E+03	  +2.5977214043824208E+01	
  +8.6333333333333329E+00	  +2.8000000000000000E+01	  +1.1410000000000000E+03	  +2.5975960629296146E+01	
  +8.6500000000000004E+00	  +2.7000000000000000E+01	  +1.1400000000000000E+03	  +2.5826826130307719E+01	
  +8.6666666666666661E+00	  +2.7000000000000000E+01	  +1.1420000000000000E+03	  +2.5698961254506703E+01	
  +8.6833333333333336E+00	  +2.7000000000000000E+01	  +1.1400000000000000E+03	  +2.5680926247154542E+01	
  +8.6999999999999993E+00	  +2.7000000000000000E+01	  +1.1410000000000000E+03	  +2.5676491810664047E+01	
  +8.7166666666666668E+00	  +2.7000000000000000E+01	  +1.1420000000000000E+03	  +2.5679922878848338E+01	
  +8.7333333333333325E+00	  +2.7000000000000000E+01	  +1.1390000000000000E+03	  +2.5678991197639242E+01	
  +8.7500000000000000E+00	  +2.7000000000000000E+01	  +1.1400000000000000E+03	  +2.5681373944715748E+01	
  +8.7666666666666675E+00	  +2.6000000000000000E+01	  +1.1440000000000000E+03	  +2.5530053337359497E+01	
  +8.7833333333333332E+00	  +2.6000000000000000E+01	  +1.1410000000000000E+03	  +2.5405521895204135E+01	
  +8.8000000000000007E+00	  +2.6000000000000000E+01	  +1.1340000000000000E+03	  +2.5384463970251254E+01	
  +8.8166666666666664E+00	  +2.6000000000000000E+01	  +1.1360000000000000E+03	  +2.5379849460362387E+01	
  +8.8333333333333339E+00	  +2.6000000000000000E+01	  +1.1360000000000000E+03	  +2.5380591038698846E+01	
  +8.8499999999999996E+00	  +2.6000000000000000E+01	  +1.1360000000000000E+03	  +2.5380774309416836E+01	
  +8.8666666666666671E+00	  +2.6000000000000000E+01	  +1.1370000000000000E+03	  +2.5382136508222146E+01	
  +8.8833333333333329E+00	  +2.6000000000000000E+01	  +1.1350000000000000E+03	  +2.5382769257539803E+01	
  +8.9000000000000004E+00	  +2.6000000000000000E+01	  +1.1360000000000000E+03	  +2.5384271248891721E+01	
  +8.9166666666666661E+00	  +2.6000000000000000E+01	  +1.1370000000000000E+03	  +2.5385263160180777E+01	
  +8.9333333333333336E+00	  +2.6000000000000000E+01	  +1.1350000000000000E+03	  +2.5386654986925315E+01	
  +8.9499999999999993E+00	  +2.6000000000000000E+01	  +1.1360000000000000E+03	  +2.5387515259024415E+01	
  +8.9666666666666668E+00	  +2.6000000000000000E+01	  +1.1350000000000000E+03	  +2.5388683531902508E+01	
  +8.9833333333333325E+00	  +2.6000000000000000E+01	  +1.1360000000000000E+03	  +2.5389649527075274E+01	
  +9.0000000000000000E+00	  +2.6000000000000000E+01	  +1.1350000000000000E+03	  +2.5390963751770485E+01	
  +9.0166666666666675E+00	  +2.6000000000000000E+01	  +1.1350000000000000E+03	  +2.5389966853364676E+01	
  +9.0333333333333332E+00	  +2.6000000000000000E+01	  +1.1350000000000000E+03	  +2.5387483044452988E+01	
  +9.0500000000000007E+00	  +2.6000000000000000E+01	  +1.1360000000000000E+03	  +2.5386330536871064E+01	
  +9.0666666666666664E+00	  +2.6000000000000000E+01	  +1.1370000000000000E+03	  +2.5386600028370371E+01	
  +9.0833333333333339E+00	  +2.6000000000000000E+01	  +1.1340000000000000E+03	  +2.5387119337348512E+01	
  +9.0999999999999996E+00	  +2.6000000000000000E+01	  +1.1360000000000000E+03	  +2.5387825397854964E+01	
  +9.1166666666666671E+00	  +2.6000000000000000E+01	  +1.1380000000000000E+03	  +2.5388854891401319E+01	
  +9.1333333333333329E+00	  +2.6000000000000000E+01	  +1.1360000000000000E+03	  +2.5389838084964325E+01	
  +9.1500000000000004E+00	  +2.6000000000000000E+01	  +1.1360000000000000E+03	  +2.5390153020971347E+01	
  +9.1666666666666661E+00	  +2.6000000000000000E+01	  +1.1370000000000000E+03	  +2.5390534032380678E+01	
  +9.1833333333333336E+00	  +2.6000000000000000E+01	  +1.1370000000000000E+03	  +2.5391387737115892E+01	
  +9.1999999999999993E+00	  +2.6000000000000000E+01	  +1.1350000000000000E+03	  +2.5392476556077415E+01	
  +9.2166666666666668E+00	  +2.6000000000000000E+01	  +1.1360000000000000E+03	  +2.5393346782431170E+01	
  +9.2333333333333325E+00	  +2.6000000000000000E+01	  +1.1350000000000000E+03	  +2.5394265341206424E+01	
  +9.2500000000000000E+00	  +2.6000000000000000E+01	  +1.1360000000000000E+03	  +2.5395290884950313E+01	
  +9.2666666666666675E+00	  +2.6000000000000000E+01	  +1.1370000000000000E+03	  +2.5396288871006607E+01	
  +9.2833333333333332E+00	  +2.6000000000000000E+01	  +1.1350000000000000E+03	  +2.5397170896872588E+01	
  +9.3000000000000007E+00	  +2.6000000000000000E+01	  +1.1370000000000000E+03	  +2.5397779309715393E+01	
  +9.3166666666666664E+00	  +2.6000000000000000E+01	  +1.1370000000000000E+03	  +2.5398280316363980E+01	
  +9.3333333333333339E+00	  +2.6000000000000000E+01	  +1.1370000000000000E+03	  +2.5400227507244889E+01	
  +9.3499999999999996E+00	  +2.6000000000000000E+01	  +1.1380000000000000E+03	  +2.5401748317753334E+01	
  +9.3666666666666671E+00	  +2.6000000000000000E+01	  +1.1340000000000000E+03	  +2.5402291078066757E+01	
  +9.3833333333333329E+00	  +2.6000000000000000E+01	  +1.1370000000000000E+03	  +2.5403850753348586E+01	
  +9.4000000000000004E+00	  +2.6000000000000000E+01	  +1.1390000000000000E+03	  +2.5404868458713789E+01	
  +9.4166666666666661E+00	  +2.6000000000000000E+01	  +1.1360000000000000E+03	  +2.5405638807733812E+01	
  +9.4333333333333336E+00	  +2.6000000000000000E+01	  +1.1370000000000000E+03	  +2.5406550533829783E+01	
  +9.4499999999999993E+00	  +2.6000000000000000E+01	  +1.1380000000000000E+03	  +2.5407289513992339E+01	
  +9.4666666666666668E+00	  +2.6000000000000000E+01	  +1.1350000000000000E+03	  +2.5407989201184947E+01	
  +9.4833333333333325E+00	  +2.6000000000000000E+01	  +1.1370000000000000E+03	  +2.5408551297169407E+01	
  +9.5000000000000000E+00	  +2.6000000000000000E+01	  +1.1370000000000000E+03	  +2.5408685611143841E+01	
  +9.5166666666666675E+00	  +2.6000000000000000E+01	  +1.1350000000000000E+03	  +2.5409239495110473E+01	
  +9.5333333333333332E+00	  +2.6000000000000000E+01	  +1.1390000000000000E+03	  +2.5409213427471915E+01	
  +9.5500000000000007E+00	  +2.6000000000000000E+01	  +1.1380000000000000E+03	  +2.5408644519842223E+01	
  +9.5666666666666664E+00	  +2.6000000000000000E+01	  +1.1390000000000000E+03	  +2.5409038671152043E+01	
  +9.5833333333333339E+00	  +2.6000000000000000E+01	  +1.1370000000000000E+03	  +2.5409733389890309E+01	
  +9.5999999999999996E+00	  +2.6000000000000000E+01	  +1.1380000000000000E+03	  +2.5410215975352337E+01	
  +9.6166666666666671E+00	  +2.6000000000000000E+01	  +1.1390000000000000E+03	  +2.5410373006166505E+01	
  +9.6333333333333329E+00	  +2.6000000000000000E+01	  +1.1390000000000000E+03	  +2.5410551226108325E+01	
  +9.6500000000000004E+00	  +2.6000000000000000E+01	  +1.1380000000000000E+03	  +2.5410262520346365E+01	
  +9.6666666666666661E+00	  +2.6000000000000000E+01	  +1.1370000000000000E+03	  +2.5410092574310994E+01	
  +9.6833333333333336E+00	  +2.6000000000000000E+01	  +1.1400000000000000E+03	  +2.5410098789294146E+01	
  +9.6999999999999993E+00	  +2.6000000000000000E+01	  +1.1390000000000000E+03	  +2.5410319846371021E+01	
  +9.7166666666666668E+00	  +2.6000000000000000E+01	  +1.1380000000000000E+03	  +2.5410773526604441E+01	
  +9.7333333333333325E+00	  +2.6000000000000000E+01	  +1.1410000000000000E+03	  +2.5411091991783138E+01	
  +9.7500000000000000E+00	  +2.6000000000000000E+01	  +1.1390000000000000E+03	  +2.5411448770596508E+01	
  +9.7666666666666675E+00	  +2.6000000000000000E+01	  +1.1380000000000000E+03	  +2.5411851609052412E+01	
  +9.7833333333333332E+00	  +2.6000000000000000E+01	  +1.1390000000000000E+03	  +2.5412657117733065E+01	
  +9.8000000000000007E+00	  +2.6000000000000000E+01	  +1.1380000000000000E+03	  +2.5413905029567438E+01	
  +9.8166666666666664E+00	  +2.6000000000000000E+01	  +1.1370000000000000E+03	  +2.5414326501489519E+01	
  +9.8333333333333339E+00	  +2.6000000000000000E+01	  +1.1370000000000000E+03	  +2.5413706262014227E+01	
  +9.8499999999999996E+00	  +2.6000000000000000E+01	  +1.1400000000000000E+03	  +2.5413478822100323E+01	
  +9.8666666666666671E+00	  +2.6000000000000000E+01	  +1.1410000000000000E+03	  +2.5413758812384053E+01	
  +9.8833333333333329E+00	  +2.6000000000000000E+01	  +1.1380000000000000E+03	  +2.5414279644409710E+01	
  +9.9000000000000004E+00	  +2.6000000000000000E+01	  +1.1380000000000000E+03	  +2.5415034608508435E+01	
  +9.9166666666666661E+00	  +2.6000000000000000E+01	  +1.1400000000000000E+03	  +2.5415737226467183E+01	
  +9.9333333333333336E+00	  +2.6000000000000000E+01	  +1.1380000000000000E+03	  +2.5416416336785783E+01	
  +9.9499999999999993E+00	  +2.6000000000000000E+01	  +1.1400000000000000E+03	  +2.5417283526281075E+01	
  +9.9666666666666668E+00	  +2.6000000000000000E+01	  +1.1380000000000000E+03	  +2.5418260623193508E+01	
  +9.9833333333333325E+00	  +2.6000000000000000E+01	  +1.1370000000000000E+03	  +2.5419071064047600E+01	
  +1.0000000000000000E+01	  +2.6000000000000000E+01	  +1.1410000000000000E+03	  +2.5360683667059611E+01	
  +1.0016666666666667E+01	  +2.6000000000000000E+01	  +1.1410000000000000E+03	  +2.5302619264496496E+01	
  +1.0033333333333333E+01	  +2.6000000000000000E+01	  +1.1400000000000000E+03	  +2.5293880267236499E+01	
  +1.0050000000000001E+01	  +2.6000000000000000E+01	  +1.1380000000000000E+03	  +2.5292167481603180E+01	
  +1.0066666666666666E+01	  +2.6000000000000000E+01	  +1.1400000000000000E+03	  +2.5295238236496246E+01	
  +1.0083333333333334E+01	  +2.6000000000000000E+01	  +1.1390000000000000E+03	  +2.5293891057079161E+01	
  +1.0100000000000000E+01	  +2.6000000000000000E+01	  +1.1380000000000000E+03	  +2.5293026478264618E+01	
  +1.0116666666666667E+01	  +2.6000000000000000E+01	  +1.1380000000000000E+03	  +2.5291768031015863E+01	
  +1.0133333333333333E+01	  +2.6000000000000000E+01	  +1.1380000000000000E+03	  +2.5292529664549846E+01	
  +1.0150000000000000E+01	  +2.6000000000000000E+01	  +1.1400000000000000E+03	  +2.5292629849123365E+01	
  +1.0166666666666666E+01	  +2.6000000000000000E+01	  +1.1400000000000000E+03	  +2.5294582510315966E+01	
  +1.0183333333333334E+01	  +2.6000000000000000E+01	  +1.1370000000000000E+03	  +2.5297070998637498E+01	
  +1.0199999999999999E+01	  +2.6000000000000000E+01	  +1.1380000000000000E+03	  +2.5297998126553615E+01	
  +1.0216666666666667E+01	  +2.6000000000000000E+01	  +1.1400000000000000E+03	  +2.5297655003796407E+01	
  +1.0233333333333333E+01	  +2.6000000000000000E+01	  +1.1390000000000000E+03	  +2.5298201994391970E+01	
  +1.0250000000000000E+01	  +2.6000000000000000E+01	  +1.1400000000000000E+03	  +2.5297632896092061E+01	
  +1.0266666666666667E+01	  +2.6000000000000000E+01	  +1.1380000000000000E+03	  +2.5298047514014595E+01	
  +1.0283333333333333E+01	  +2.6000000000000000E+01	  +1.1380000000000000E+03	  +2.5299114320598289E+01	
  +1.0300000000000001E+01	  +2.6000000000000000E+01	  +1.1390000000000000E+03	  +2.5300494954048627E+01	
  +1.0316666666666666E+01	  +2.6000000000000000E+01	  +1.1400000000000000E+03	  +2.5301440842394484E+01	
  +1.0333333333333334E+01	  +2.6000000000000000E+01	  +1.1400000000000000E+03	  +2.5302823922628452E+01	
  +1.0350000000000000E+01	  +2.6000000000000000E+01	  +1.1380000000000000E+03	  +2.5304053422944847E+01	
  +1.0366666666666667E+01	  +2.6000000000000000E+01	  +1.1410000000000000E+03	  +2.5304718401020189E+01	
  +1.0383333333333333E+01	  +2.6000000000000000E+01	  +1.1380000000000000E+03	  +2.5305256794820146E+01	
  +1.0400000000000000E+01	  +2.6000000000000000E+01	  +1.1390000000000000E+03	  +2.5305753180173603E+01	
  +1.0416666666666666E+01	  +2.6000000000000000E+01	  +1.1410000000000000E+03	  +2.5306221047611348E+01	
  +1.0433333333333334E+01	  +2.6000000000000000E+01	  +1.1380000000000000E+03	  +2.5306680234934305E+01	
  +1.0449999999999999E+01	  +2.6000000000000000E+01	  +1.1380000000000000E+03	  +2.5307091340537248E+01	
  +1.0466666666666667E+01	  +2.6000000000000000E+01	  +1.1400000000000000E+03	  +2.5306414330818821E+01	
  +1.0483333333333333E+01	  +2.6000000000000000E+01	  +1.1390000000000000E+03	  +2.5305243318684607E+01	
  +1.0500000000000000E+01	  +2.6000000000000000E+01	  +1.1410000000000000E+03	  +2.5305386835887081E+01	
  +1.0516666666666667E+01	  +2.6000000000000000E+01	  +1.1410000000000000E+03	  +2.5306942505380388E+01	
  +1.0533333333333333E+01	  +2.6000000000000000E+01	  +1.1380000000000000E+03	  +2.5308396331954864E+01	
  +1.0550000000000001E+01	  +2.6000000000000000E+01	  +1.1390000000000000E+03	  +2.5309079396472310E+01	
  +1.0566666666666666E+01	  +2.6000000000000000E+01	  +1.1390000000000000E+03	  +2.5309536773428139E+01	
  +1.0583333333333334E+01	  +2.6000000000000000E+01	  +1.1420000000000000E+03	  +2.5309904485140994E+01	
  +1.0600000000000000E+01	  +2.6000000000000000E+01	  +1.1380000000000000E+03	  +2.5310290559268616E+01	
  +1.0616666666666667E+01	  +2.6000000000000000E+01	  +1.1390000000000000E+03	  +2.5310638598749250E+01	
  +1.0633333333333333E+01	  +2.6000000000000000E+01	  +1.1410000000000000E+03	  +2.5310991479640318E+01	
  +1.0650000000000000E+01	  +2.6000000000000000E+01	  +1.1410000000000000E+03	  +2.5311318950767365E+01	
  +1.0666666666666666E+01	  +2.6000000000000000E+01	  +1.1370000000000000E+03	  +2.5310120979558498E+01	
  +1.0683333333333334E+01	  +2.6000000000000000E+01	  +1.1390000000000000E+03	  +2.5308543424226894E+01	
  +1.0699999999999999E+01	  +2.6000000000000000E+01	  +1.1380000000000000E+03	  +2.5308245063510800E+01	
  +1.0716666666666667E+01	  +2.6000000000000000E+01	  +1.1400000000000000E+03	  +2.5308373478132186E+01	
  +1.0733333333333333E+01	  +2.6000000000000000E+01	  +1.1390000000000000E+03	  +2.5308590340371488E+01	
  +1.0750000000000000E+01	  +2.6000000000000000E+01	  +1.1410000000000000E+03	  +2.5309162505266475E+01	
  +1.0766666666666667E+01	  +2.6000000000000000E+01	  +1.1410000000000000E+03	  +2.5311231782789715E+01	
  +1.0783333333333333E+01	  +2.6000000000000000E+01	  +1.1400000000000000E+03	  +2.5311708488620333E+01	
  +1.0800000000000001E+01	  +2.6000000000000000E+01	  +1.1400000000000000E+03	  +2.5310227636641606E+01	
  +1.0816666666666666E+01	  +2.6000000000000000E+01	  +1.1380000000000000E+03	  +2.5310508639330646E+01	
  +1.0833333333333334E+01	  +2.6000000000000000E+01	  +1.1400000000000000E+03	  +2.5312581367740378E+01	
  +1.0850000000000000E+01	  +2.6000000000000000E+01	  +1.1420000000000000E+03	  +2.5314041232597020E+01	
  +1.0866666666666667E+01	  +2.6000000000000000E+01	  +1.1430000000000000E+03	  +2.5313868860328405E+01	
  +1.0883333333333333E+01	  +2.6000000000000000E+01	  +1.1380000000000000E+03	  +2.5313588994777533E+01	
  +1.0900000000000000E+01	  +2.6000000000000000E+01	  +1.1390000000000000E+03	  +2.5314270166621426E+01	
  +1.0916666666666666E+01	  +2.6000000000000000E+01	  +1.1360000000000000E+03	  +2.5314596069200629E+01	
  +1.0933333333333334E+01	  +2.6000000000000000E+01	  +1.1400000000000000E+03	  +2.5315097831841005E+01	
  +1.0949999999999999E+01	  +2.6000000000000000E+01	  +1.1410000000000000E+03	  +2.5315859654291831E+01	
  +1.0966666666666667E+01	  +2.6000000000000000E+01	  +1.1400000000000000E+03	  +2.5316202855043773E+01	
  +1.0983333333333333E+01	  +2.6000000000000000E+01	  +1.1400000000000000E+03	  +2.5316500212177139E+01	
  +1.1000000000000000E+01	  +2.6000000000000000E+01	  +1.1380000000000000E+03	  +2.5316734345842519E+01	
  +1.1016666666666667E+01	  +2.6000000000000000E+01	  +1.1380000000000000E+03	  +2.5316002257310046E+01	
  +1.1033333333333333E+01	  +2.6000000000000000E+01	  +1.1370000000000000E+03	  +2.5314288749621134E+01	
  +1.1050000000000001E+01	  +2.6000000000000000E+01	  +1.1390000000000000E+03	  +2.5313218653826890E+01	
  +1.1066666666666666E+01	  +2.6000000000000000E+01	  +1.1420000000000000E+03	  +2.5312746527353045E+01	
  +1.1083333333333334E+01	  +2.6000000000000000E+01	  +1.1390000000000000E+03	  +2.5313752634243336E+01	
  +1.1100000000000000E+01	  +2.6000000000000000E+01	  +1.1420000000000000E+03	  +2.5316341817828956E+01	
  +1.1116666666666667E+01	  +2.6000000000000000E+01	  +1.1420000000000000E+03	  +2.5317367261903847E+01	
  +1.1133333333333333E+01	  +2.6000000000000000E+01	  +1.1370000000000000E+03	  +2.5316848993142674E+01	
  +1.1150000000000000E+01	  +2.6000000000000000E+01	  +1.1400000000000000E+03	  +2.5316337873349976E+01	
  +1.1166666666666666E+01	  +2.6000000000000000E+01	  +1.1390000000000000E+03	  +2.5316251180312932E+01	
  +1.1183333333333334E+01	  +2.6000000000000000E+01	  +1.1390000000000000E+03	  +2.5316388288347031E+01	
  +1.1199999999999999E+01	  +2.6000000000000000E+01	  +1.1400000000000000E+03	  +2.5315689390073437E+01	
  +1.1216666666666667E+01	  +2.6000000000000000E+01	  +1.1380000000000000E+03	  +2.5314974642811261E+01	
  +1.1233333333333333E+01	  +2.6000000000000000E+01	  +1.1410000000000000E+03	  +2.5314489685142579E+01	
  +1.1250000000000000E+01	  +2.6000000000000000E+01	  +1.1390000000000000E+03	  +2.5314016041974682E+01	
  +1.1266666666666667E+01	  +2.6000000000000000E+01	  +1.1410000000000000E+03	  +2.5313712981217705E+01	
  +1.1283333333333333E+01	  +2.6000000000000000E+01	  +1.1400000000000000E+03	  +2.5313637485241912E+01	
  +1.1300000000000001E+01	  +2.6000000000000000E+01	  +1.1400000000000000E+03	  +2.5313728611857893E+01	
  +1.1316666666666666E+01	  +2.6000000000000000E+01	  +1.1400000000000000E+03	  +2.5313978057477780E+01	
  +1.1333333333333334E+01	  +2.6000000000000000E+01	  +1.1400000000000000E+03	  +2.5314093561274991E+01	
  +1.1350000000000000E+01	  +2.6000000000000000E+01	  +1.1410000000000000E+03	  +2.5314648404680280E+01	
  +1.1366666666666667E+01	  +2.6000000000000000E+01	  +1.1410000000000000E+03	  +2.5316170462477462E+01	
  +1.1383333333333333E+01	  +2.6000000000000000E+01	  +1.1390000000000000E+03	  +2.5316906373024455E+01	
  +1.1400000000000000E+01	  +2.6000000000000000E+01	  +1.1400000000000000E+03	  +2.5316156981634869E+01	
  +1.1416666666666666E+01	  +2.6000000000000000E+01	  +1.1420000000000000E+03	  +2.5316163926676587E+01	
  +1.1433333333333334E+01	  +2.6000000000000000E+01	  +1.1390000000000000E+03	  +2.5317876967988525E+01	
  +1.1449999999999999E+01	  +2.6000000000000000E+01	  +1.1390000000000000E+03	  +2.5320239360397935E+01	
  +1.1466666666666667E+01	  +2.6000000000000000E+01	  +1.1420000000000000E+03	  +2.5321478397386770E+01	
  +1.1483333333333333E+01	  +2.6000000000000000E+01	  +1.1390000000000000E+03	  +2.5320661038776269E+01	
  +1.1500000000000000E+01	  +2.6000000000000000E+01	  +1.1380000000000000E+03	  +2.5319956918271188E+01	
  +1.1516666666666667E+01	  +2.6000000000000000E+01	  +1.1430000000000000E+03	  +2.5321142811257790E+01	
  +1.1533333333333333E+01	  +2.6000000000000000E+01	  +1.1420000000000000E+03	  +2.5321818887480578E+01	
  +1.1550000000000001E+01	  +2.6000000000000000E+01	  +1.1400000000000000E+03	  +2.5321353561543233E+01	
  +1.1566666666666666E+01	  +2.6000000000000000E+01	  +1.1390000000000000E+03	  +2.5320946879901761E+01	
  +1.1583333333333334E+01	  +2.6000000000000000E+01	  +1.1400000000000000E+03	  +2.5320533473946782E+01	
  +1.1600000000000000E+01	  +2.6000000000000000E+01	  +1.1420000000000000E+03	  +2.5320518548534626E+01	
  +1.1616666666666667E+01	  +2.6000000000000000E+01	  +1.1410000000000000E+03	  +2.5319982927300199E+01	
  +1.1633333333333333E+01	  +2.6000000000000000E+01	  +1.1390000000000000E+03	  +2.5320084557597749E+01	
  +1.1650000000000000E+01	  +2.6000000000000000E+01	  +1.1390000000000000E+03	  +2.5322364501394304E+01	
  +1.1666666666666666E+01	  +2.6000000000000000E+01	  +1.1390000000000000E+03	  +2.5323773236726993E+01	
  +1.1683333333333334E+01	  +2.6000000000000000E+01	  +1.1410000000000000E+03	  +2.5324029536404069E+01	
  +1.1699999999999999E+01	  +2.6000000000000000E+01	  +1.1380000000000000E+03	  +2.5324738573324538E+01	
  +1.1716666666666667E+01	  +2.6000000000000000E+01	  +1.1410000000000000E+03	  +2.5325328737906247E+01	
  +1.1733333333333333E+01	  +2.6000000000000000E+01	  +1.1410000000000000E+03	  +2.5325683180404038E+01	
  +1.1750000000000000E+01	  +2.6000000000000000E+01	  +1.1420000000000000E+03	  +2.5326031431289131E+01	
  +1.1766666666666667E+01	  +2.6000000000000000E+01	  +1.1410000000000000E+03	  +2.5326352443974791E+01	
  +1.1783333333333333E+01	  +2.6000000000000000E+01	  +1.1400000000000000E+03	  +2.5326587345879325E+01	
  +1.1800000000000001E+01	  +2.6000000000000000E+01	  +1.1420000000000000E+03	  +2.5326738228374701E+01	
  +1.1816666666666666E+01	  +2.6000000000000000E+01	  +1.1400000000000000E+03	  +2.5326868391140632E+01	
  +1.1833333333333334E+01	  +2.6000000000000000E+01	  +1.1410000000000000E+03	  +2.5327145356003239E+01	
  +1.1850000000000000E+01	  +2.6000000000000000E+01	  +1.1400000000000000E+03	  +2.5327418311487087E+01	
  +1.1866666666666667E+01	  +2.6000000000000000E+01	  +1.1380000000000000E+03	  +2.5327599905771418E+01	
  +1.1883333333333333E+01	  +2.6000000000000000E+01	  +1.1400000000000000E+03	  +2.5327767578092779E+01	
  +1.1900000000000000E+01	  +2.6000000000000000E+01	  +1.1410000000000000E+03	  +2.5327957724908902E+01	
  +1.1916666666666666E+01	  +2.5000000000000000E+01	  +1.1430000000000000E+03	  +2.5177374332518713E+01	
  +1.1933333333333334E+01	  +2.6000000000000000E+01	  +1.1430000000000000E+03	  +2.5201460134913287E+01	
  +1.1949999999999999E+01	  +2.6000000000000000E+01	  +1.1400000000000000E+03	  +2.5307368664597401E+01	
  +1.1966666666666667E+01	  +2.6000000000000000E+01	  +1.1430000000000000E+03	  +2.5322247282556290E+01	
  +1.1983333333333333E+01	  +2.6000000000000000E+01	  +1.1390000000000000E+03	  +2.5329133987985760E+01	
  +1.2000000000000000E+01	  +2.6000000000000000E+01	  +1.1380000000000000E+03	  +2.5325536547997643E+01	
  +1.2016666666666667E+01	  +2.6000000000000000E+01	  +1.1400000000000000E+03	  +2.5323432029700587E+01	
  +1.2033333333333333E+01	  +2.6000000000000000E+01	  +1.1410000000000000E+03	  +2.5321435227671770E+01	
  +1.2050000000000001E+01	  +2.6000000000000000E+01	  +1.1420000000000000E+03	  +2.5322228149455256E+01	
  +1.2066666666666666E+01	  +2.6000000000000000E+01	  +1.1390000000000000E+03	  +2.5319757106290492E+01	
  +1.2083333333333334E+01	  +2.6000000000000000E+01	  +1.1400000000000000E+03	  +2.5320560670177382E+01	
  +1.2100000000000000E+01	  +2.6000000000000000E+01	  +1.1400000000000000E+03	  +2.5319443911166772E+01	
  +1.2116666666666667E+01	  +2.6000000000000000E+01	  +1.1420000000000000E+03	  +2.5320510244546679E+01	
  +1.2133333333333333E+01	  +2.6000000000000000E+01	  +1.1390000000000000E+03	  +2.5320556335921658E+01	
  +1.2150000000000000E+01	  +2.6000000000000000E+01	  +1.1390000000000000E+03	  +2.5322875756435437E+01	
  +1.2166666666666666E+01	  +2.6000000000000000E+01	  +1.1390000000000000E+03	  +2.5322459983272875E+01	
  +1.2183333333333334E+01	  +2.6000000000000000E+01	  +1.1430000000000000E+03	  +2.5322093120536426E+01	
  +1.2199999999999999E+01	  +2.6000000000000000E+01	  +1.1400000000000000E+03	  +2.5320831228286892E+01	
  +1.2216666666666667E+01	  +2.6000000000000000E+01	  +1.1390000000000000E+03	  +2.5322323995691725E+01	
  +1.2233333333333333E+01	  +2.6000000000000000E+01	  +1.1410000000000000E+03	  +2.5324794429596782E+01	
  +1.2250000000000000E+01	  +2.6000000000000000E+01	  +1.1410000000000000E+03	  +2.5326633225944352E+01	
  +1.2266666666666667E+01	  +2.6000000000000000E+01	  +1.1400000000000000E+03	  +2.5325568919721459E+01	
  +1.2283333333333333E+01	  +2.6000000000000000E+01	  +1.1410000000000000E+03	  +2.5326017337313480E+01	
  +1.2300000000000001E+01	  +2.6000000000000000E+01	  +1.1410000000000000E+03	  +2.5327120878776228E+01	
  +1.2316666666666666E+01	  +2.6000000000000000E+01	  +1.1400000000000000E+03	  +2.5328113635363628E+01	
  +1.2333333333333334E+01	  +2.6000000000000000E+01	  +1.1410000000000000E+03	  +2.5328333395490354E+01	
  +1.2350000000000000E+01	  +2.6000000000000000E+01	  +1.1410000000000000E+03	  +2.5328754795986523E+01	
  +1.2366666666666667E+01	  +2.6000000000000000E+01	  +1.1400000000000000E+03	  +2.5328850812075238E+01	
  +1.2383333333333333E+01	  +2.6000000000000000E+01	  +1.1410000000000000E+03	  +2.5329144258581021E+01	
  +1.2400000000000000E+01	  +2.6000000000000000E+01	  +1.1420000000000000E+03	  +2.5329261585034200E+01	
  +1.2416666666666666E+01	  +2.6000000000000000E+01	  +1.1430000000000000E+03	  +2.5329524962064067E+01	
  +1.2433333333333334E+01	  +2.6000000000000000E+01	  +1.1400000000000000E+03	  +2.5329628411774188E+01	
  +1.2449999999999999E+01	  +2.6000000000000000E+01	  +1.1410000000000000E+03	  +2.5329812192502715E+01	
  +1.2466666666666667E+01	  +2.6000000000000000E+01	  +1.1400000000000000E+03	  +2.5329655261431274E+01	
  +1.2483333333333333E+01	  +2.6000000000000000E+01	  +1.1410000000000000E+03	  +2.5329715774472305E+01	
  +1.2500000000000000E+01	  +2.6000000000000000E+01	  +1.1410000000000000E+03	  +2.5329885842447599E+01	
  +1.2516666666666667E+01	  +2.6000000000000000E+01	  +1.1400000000000000E+03	  +2.5329834189097340E+01	
  +1.2533333333333333E+01	  +2.5000000000000000E+01	  +1.1420000000000000E+03	  +2.5178962010496356E+01	
  +1.2550000000000001E+01	  +2.6000000000000000E+01	  +1.1380000000000000E+03	  +2.5203152823196522E+01	
  +1.2566666666666666E+01	  +2.6000000000000000E+01	  +1.1430000000000000E+03	  +2.5309012616144638E+01	
  +1.2583333333333334E+01	  +2.6000000000000000E+01	  +1.1380000000000000E+03	  +2.5323594345302752E+01	
  +1.2600000000000000E+01	  +2.6000000000000000E+01	  +1.1410000000000000E+03	  +2.5329584835500725E+01	
  +1.2616666666666667E+01	  +2.6000000000000000E+01	  +1.1430000000000000E+03	  +2.5326727795206804E+01	
  +1.2633333333333333E+01	  +2.6000000000000000E+01	  +1.1390000000000000E+03	  +2.5328350061899709E+01	
  +1.2650000000000000E+01	  +2.6000000000000000E+01	  +1.1420000000000000E+03	  +2.5325722942768863E+01	
  +1.2666666666666666E+01	  +2.6000000000000000E+01	  +1.1400000000000000E+03	  +2.5326346381459356E+01	
  +1.2683333333333334E+01	  +2.6000000000000000E+01	  +1.1430000000000000E+03	  +2.5323993659599822E+01	
  +1.2699999999999999E+01	  +2.6000000000000000E+01	  +1.1390000000000000E+03	  +2.5324211375390988E+01	
  +1.2716666666666667E+01	  +2.6000000000000000E+01	  +1.1420000000000000E+03	  +2.5322771193578561E+01	
  +1.2733333333333333E+01	  +2.6000000000000000E+01	  +1.1430000000000000E+03	  +2.5323345199129765E+01	
  +1.2750000000000000E+01	  +2.6000000000000000E+01	  +1.1400000000000000E+03	  +2.5322688481528768E+01	
  +1.2766666666666667E+01	  +2.6000000000000000E+01	  +1.1400000000000000E+03	  +2.5323335486759898E+01	
  +1.2783333333333333E+01	  +2.6000000000000000E+01	  +1.1400000000000000E+03	  +2.5322689617123224E+01	
  +1.2800000000000001E+01	  +2.6000000000000000E+01	  +1.1410000000000000E+03	  +2.5322972173531806E+01	
  +1.2816666666666666E+01	  +2.6000000000000000E+01	  +1.1400000000000000E+03	  +2.5322459532764430E+01	
  +1.2833333333333334E+01	  +2.6000000000000000E+01	  +1.1420000000000000E+03	  +2.5322326853765343E+01	
  +1.2850000000000000E+01	  +2.6000000000000000E+01	  +1.1390000000000000E+03	  +2.5321667479842159E+01	
  +1.2866666666666667E+01	  +2.6000000000000000E+01	  +1.1390000000000000E+03	  +2.5322941477652332E+01	
  +1.2883333333333333E+01	  +2.6000000000000000E+01	  +1.1400000000000000E+03	  +2.5325064504136403E+01	
  +1.2900000000000000E+01	  +2.6000000000000000E+01	  +1.1420000000000000E+03	  +2.5325766422067154E+01	
  +1.2916666666666666E+01	  +2.6000000000000000E+01	  +1.1410000000000000E+03	  +2.5324677354952570E+01	
  +1.2933333333333334E+01	  +2.6000000000000000E+01	  +1.1390000000000000E+03	  +2.5323591891932701E+01	
  +1.2949999999999999E+01	  +2.6000000000000000E+01	  +1.1410000000000000E+03	  +2.5322286801897359E+01	
  +1.2966666666666667E+01	  +2.6000000000000000E+01	  +1.1420000000000000E+03	  +2.5321695583816638E+01	
  +1.2983333333333333E+01	  +2.6000000000000000E+01	  +1.1390000000000000E+03	  +2.5321253151833346E+01	
  +1.3000000000000000E+01	  +2.6000000000000000E+01	  +1.1410000000000000E+03	  +2.5322861378654196E+01	
  +1.3016666666666667E+01	  +2.6000000000000000E+01	  +1.1380000000000000E+03	  +2.5324989597057815E+01	
  +1.3033333333333333E+01	  +2.6000000000000000E+01	  +1.1390000000000000E+03	  +2.5325056645165223E+01	
  +1.3050000000000001E+01	  +2.6000000000000000E+01	  +1.1380000000000000E+03	  +2.5324200353701496E+01	
  +1.3066666666666666E+01	  +2.6000000000000000E+01	  +1.1420000000000000E+03	  +2.5324189531023908E+01	
  +1.3083333333333334E+01	  +2.6000000000000000E+01	  +1.1400000000000000E+03	  +2.5325169406680683E+01	
  +1.3100000000000000E+01	  +2.6000000000000000E+01	  +1.1430000000000000E+03	  +2.5326059152302115E+01	
  +1.3116666666666667E+01	  +2.6000000000000000E+01	  +1.1390000000000000E+03	  +2.5326059761044103E+01	
  +1.3133333333333333E+01	  +2.6000000000000000E+01	  +1.1390000000000000E+03	  +2.5325981589329160E+01	
  +1.3150000000000000E+01	  +2.6000000000000000E+01	  +1.1390000000000000E+03	  +2.5325970287050062E+01	
  +1.3166666666666666E+01	  +2.6000000000000000E+01	  +1.1430000000000000E+03	  +2.5326108153200884E+01	
  +1.3183333333333334E+01	  +2.6000000000000000E+01	  +1.1400000000000000E+03	  +2.5326113862852644E+01	
  +1.3199999999999999E+01	  +2.6000000000000000E+01	  +1.1400000000000000E+03	  +2.5326101703815215E+01	
  +1.3216666666666667E+01	  +2.5000000000000000E+01	  +1.1410000000000000E+03	  +2.5175259422736243E+01	
  +1.3233333333333333E+01	  +2.6000000000000000E+01	  +1.1420000000000000E+03	  +2.5199038232567133E+01	
  +1.3250000000000000E+01	  +2.6000000000000000E+01	  +1.1410000000000000E+03	  +2.5304505074738920E+01	
  +1.3266666666666667E+01	  +2.5000000000000000E+01	  +1.1410000000000000E+03	  +2.5168468906207035E+01	
  +1.3283333333333333E+01	  +2.6000000000000000E+01	  +1.1400000000000000E+03	  +2.5198407897844763E+01	
  +1.3300000000000001E+01	  +2.5000000000000000E+01	  +1.1420000000000000E+03	  +2.5150092951151045E+01	
  +1.3316666666666666E+01	  +2.6000000000000000E+01	  +1.1400000000000000E+03	  +2.5190315839397460E+01	
  +1.3333333333333334E+01	  +2.6000000000000000E+01	  +1.1400000000000000E+03	  +2.5300981990727003E+01	
  +1.3350000000000000E+01	  +2.6000000000000000E+01	  +1.1440000000000000E+03	  +2.5316472671899430E+01	
  +1.3366666666666667E+01	  +2.5000000000000000E+01	  +1.1390000000000000E+03	  +2.5174574543868154E+01	
  +1.3383333333333333E+01	  +2.6000000000000000E+01	  +1.1410000000000000E+03	  +2.5195898501339826E+01	
  +1.3400000000000000E+01	  +2.6000000000000000E+01	  +1.1400000000000000E+03	  +2.5304676606858013E+01	
  +1.3416666666666666E+01	  +2.6000000000000000E+01	  +1.1410000000000000E+03	  +2.5317035868252702E+01	
  +1.3433333333333334E+01	  +2.6000000000000000E+01	  +1.1430000000000000E+03	  +2.5325746255356023E+01	
  +1.3449999999999999E+01	  +2.5000000000000000E+01	  +1.1400000000000000E+03	  +2.5171142350366001E+01	
  +1.3466666666666667E+01	  +2.6000000000000000E+01	  +1.1420000000000000E+03	  +2.5198714951273416E+01	
  +1.3483333333333333E+01	  +2.6000000000000000E+01	  +1.1420000000000000E+03	  +2.5301220525470764E+01	
  +1.3500000000000000E+01	  +2.5000000000000000E+01	  +1.1410000000000000E+03	  +2.5167383068330530E+01	
  +1.3516666666666667E+01	  +2.5000000000000000E+01	  +1.1400000000000000E+03	  +2.5044284178296170E+01	
  +1.3533333333333333E+01	  +2.6000000000000000E+01	  +1.1410000000000000E+03	  +2.5173115055303260E+01	
  +1.3550000000000001E+01	  +2.5000000000000000E+01	  +1.1410000000000000E+03	  +2.5144062431379034E+01	
  +1.3566666666666666E+01	  +2.5000000000000000E+01	  +1.1420000000000000E+03	  +2.5038799775113130E+01	
  +1.3583333333333334E+01	  +2.6000000000000000E+01	  +1.1440000000000000E+03	  +2.5173818669013613E+01	
  +1.3600000000000000E+01	  +2.5000000000000000E+01	  +1.1400000000000000E+03	  +2.5142643353360857E+01	
  +1.3616666666666667E+01	  +2.6000000000000000E+01	  +1.1390000000000000E+03	  +2.5187089164279492E+01	
  +1.3633333333333333E+01	  +2.6000000000000000E+01	  +1.1400000000000000E+03	  +2.5295841974052522E+01	
  +1.3650000000000000E+01	  +2.5000000000000000E+01	  +1.1400000000000000E+03	  +2.5160327421671280E+01	
  +1.3666666666666666E+01	  +2.6000000000000000E+01	  +1.1410000000000000E+03	  +2.5191196660747167E+01	
  +1.3683333333333334E+01	  +2.5000000000000000E+01	  +1.1390000000000000E+03	  +2.5144222816731997E+01	
  +1.3699999999999999E+01	  +2.6000000000000000E+01	  +1.1410000000000000E+03	  +2.5185025405737576E+01	
