 
 TRNSHD Version 1.0.185
 
 Integrated 2D clipping routine: GPC general polygon clipper library Version 2.2
 3 from Alan Murta, University of Manchester,UK
 
 
*** Notice at time        :         0.000000
    Generated by Unit     : Not applicable or not available
    Generated by Type     : Not applicable or not available
    TRNSHD Message      2 : Successfully opened shading log file.
    Reported information  : Not available
 
*** Notice at time        :         0.000000
    Generated by Unit     : Not applicable or not available
    Generated by Type     : Not applicable or not available
    TRNSHD Message     18 : Shading mask calculation is switched ON.
    Reported information  : Not available
 
 *** Notice at time        :         0.000000
 Orientation of wall   SURF=   2: azimuth angle= 270.00°, slope=  90.00°
 Orientation of window SURF=  18: azimuth angle= 270.00°, slope=  90.00°
 Orientation of wall   SURF=   3: azimuth angle=   0.00°, slope=  90.00°
 Orientation of window SURF=  19: azimuth angle=   0.00°, slope=  90.00°
 Orientation of wall   SURF=  12: azimuth angle=  90.00°, slope=  90.00°
 Orientation of window SURF=  17: azimuth angle=  90.00°, slope=  90.00°
 Orientation of wall   SURF=  25: azimuth angle= 180.00°, slope=  90.00°
 Orientation of window SURF=  36: azimuth angle= 180.00°, slope=  90.00°
 Orientation of wall   SURF=  31: azimuth angle= 270.00°, slope=  90.00°
 Orientation of window SURF=  37: azimuth angle= 270.00°, slope=  90.00°
 Orientation of wall   SURF=  33: azimuth angle=  90.00°, slope=  90.00°
 Orientation of window SURF=  38: azimuth angle=  90.00°, slope=  90.00°
 Orientation of wall   SURF=  39: azimuth angle=   0.00°, slope=  90.00°
 Orientation of window SURF=  55: azimuth angle=   0.00°, slope=  90.00°
 Orientation of wall   SURF=  41: azimuth angle=   0.00°, slope=   0.00°
 Orientation of wall   SURF=  42: azimuth angle=  90.00°, slope=  90.00°
 Orientation of window SURF=  56: azimuth angle=  90.00°, slope=  90.00°
 Orientation of wall   SURF=  44: azimuth angle=   0.00°, slope=   0.00°
 Orientation of wall   SURF=  45: azimuth angle=   0.00°, slope=   0.00°
 Orientation of wall   SURF=  46: azimuth angle=   0.00°, slope=   0.00°
 Orientation of wall   SURF=  50: azimuth angle= 270.00°, slope=  90.00°
 Orientation of window SURF=  57: azimuth angle= 270.00°, slope=  90.00°
 Orientation of wall   SURF=  51: azimuth angle=   0.00°, slope=   0.00°
 Orientation of wall   SURF=  52: azimuth angle=   0.00°, slope=   0.00°
 Orientation of wall   SURF=  58: azimuth angle= 270.00°, slope=  90.00°
 Orientation of window SURF=  74: azimuth angle= 270.00°, slope=  90.00°
 Orientation of wall   SURF=  59: azimuth angle=   0.00°, slope=   0.00°
 Orientation of wall   SURF=  62: azimuth angle=   0.00°, slope=   0.00°
 Orientation of wall   SURF=  67: azimuth angle=  90.00°, slope=  90.00°
 Orientation of window SURF=  75: azimuth angle=  90.00°, slope=  90.00°
 Orientation of wall   SURF=  68: azimuth angle=   0.00°, slope=   0.00°
 Orientation of wall   SURF=  70: azimuth angle= 180.00°, slope=  90.00°
 Orientation of window SURF=  76: azimuth angle= 180.00°, slope=  90.00°
 Orientation of wall   SURF=  71: azimuth angle=   0.00°, slope=   0.00°
 Orientation of wall   SURF=  72: azimuth angle=   0.00°, slope=   0.00°
 Orientation of wall   SURF=  73: azimuth angle=   0.00°, slope=   0.00°
 Orientation of wall   SURF=   1: azimuth angle=   0.00°, slope=   0.00°
 Orientation of wall   SURF=   4: azimuth angle=   0.00°, slope= 180.00°
 Orientation of wall   SURF=   5: azimuth angle=   0.00°, slope=   0.00°
 Orientation of wall   SURF=   6: azimuth angle=   0.00°, slope= 180.00°
 Orientation of wall   SURF=   7: azimuth angle=   0.00°, slope= 180.00°
 Orientation of wall   SURF=   8: azimuth angle=   0.00°, slope=   0.00°
 Orientation of wall   SURF=   9: azimuth angle= 180.00°, slope=  90.00°
 Orientation of wall   SURF=  10: azimuth angle=   0.00°, slope=   0.00°
 Orientation of wall   SURF=  11: azimuth angle=   0.00°, slope=   0.00°
 Orientation of wall   SURF=  13: azimuth angle=   0.00°, slope=   0.00°
 Orientation of wall   SURF=  14: azimuth angle=   0.00°, slope= 180.00°
 Orientation of wall   SURF=  15: azimuth angle=   0.00°, slope= 180.00°
 Orientation of wall   SURF=  16: azimuth angle=   0.00°, slope= 180.00°
 Orientation of wall   SURF=  20: azimuth angle=   0.00°, slope=   0.00°
 Orientation of wall   SURF=  21: azimuth angle=   0.00°, slope=   0.00°
 Orientation of wall   SURF=  22: azimuth angle=   0.00°, slope= 180.00°
 Orientation of wall   SURF=  23: azimuth angle=   0.00°, slope=  90.00°
 Orientation of wall   SURF=  24: azimuth angle=   0.00°, slope= 180.00°
 Orientation of wall   SURF=  26: azimuth angle=   0.00°, slope= 180.00°
 Orientation of wall   SURF=  27: azimuth angle=   0.00°, slope=   0.00°
 Orientation of wall   SURF=  28: azimuth angle=   0.00°, slope=   0.00°
 Orientation of wall   SURF=  29: azimuth angle=   0.00°, slope= 180.00°
 Orientation of wall   SURF=  30: azimuth angle=   0.00°, slope= 180.00°
 Orientation of wall   SURF=  32: azimuth angle=   0.00°, slope= 180.00°
 Orientation of wall   SURF=  34: azimuth angle=   0.00°, slope=   0.00°
 Orientation of wall   SURF=  35: azimuth angle=   0.00°, slope=   0.00°
 Orientation of wall   SURF=  40: azimuth angle=   0.00°, slope= 180.00°
 Orientation of wall   SURF=  43: azimuth angle= 180.00°, slope=  90.00°
 Orientation of wall   SURF=  47: azimuth angle=   0.00°, slope= 180.00°
 Orientation of wall   SURF=  48: azimuth angle=   0.00°, slope= 180.00°
 Orientation of wall   SURF=  49: azimuth angle=   0.00°, slope= 180.00°
 Orientation of wall   SURF=  53: azimuth angle=   0.00°, slope= 180.00°
 Orientation of wall   SURF=  54: azimuth angle=   0.00°, slope= 180.00°
 Orientation of wall   SURF=  60: azimuth angle=   0.00°, slope= 180.00°
 Orientation of wall   SURF=  61: azimuth angle=   0.00°, slope= 180.00°
 Orientation of wall   SURF=  63: azimuth angle=   0.00°, slope= 180.00°
 Orientation of wall   SURF=  64: azimuth angle=   0.00°, slope= 180.00°
 Orientation of wall   SURF=  65: azimuth angle=   0.00°, slope=  90.00°
 Orientation of wall   SURF=  66: azimuth angle=   0.00°, slope= 180.00°
 Orientation of wall   SURF=  69: azimuth angle=   0.00°, slope= 180.00°
 
 Processing external WALL SURF=   2 at time   1
 Processing external WALL SURF=   3 at time   1
 Processing external WALL SURF=  12 at time   1
 Processing external WALL SURF=  25 at time   1
 Processing external WALL SURF=  31 at time   1
 Processing external WALL SURF=  33 at time   1
 Processing external WALL SURF=  39 at time   1
 Processing external WALL SURF=  42 at time   1
 Processing external WALL SURF=  50 at time   1
 Processing external WALL SURF=  58 at time   1
 Processing external WALL SURF=  67 at time   1
 Processing external WALL SURF=  70 at time   1
 
*** Notice at time        :         0.000000
    Generated by Unit     : Not applicable or not available
    Generated by Type     : Not applicable or not available
    TRNSHD Message     13 : Successfully completed shading analysis.
    Reported information  : Not available
 
 Writing shading matrix file:
 E:\SIM_FILES\TACR_REGULUS\testbed_v11_lab\testbed_v11\BuiFiles\Building_V4.shm
 
 Writing insolation surface matrix file:
 E:\SIM_FILES\TACR_REGULUS\testbed_v11_lab\testbed_v11\BuiFiles\Building_V4_001.
 ism
 
 Writing insolation surface matrix file:
 E:\SIM_FILES\TACR_REGULUS\testbed_v11_lab\testbed_v11\BuiFiles\Building_V4_002.
 ism
 
 Writing insolation surface matrix file:
 E:\SIM_FILES\TACR_REGULUS\testbed_v11_lab\testbed_v11\BuiFiles\Building_V4_003.
 ism
 
 Writing insolation surface matrix file:
 E:\SIM_FILES\TACR_REGULUS\testbed_v11_lab\testbed_v11\BuiFiles\Building_V4_004.
 ism
